
> rest-express@1.0.0 build
> tsx script/build.ts


========================================
  DarkWave Chain Portal - Release
========================================

[Release] Current version: 1.2.53
[Release] Version bumped to 1.2.54
[Release] Release hash: a0ad73de0e059266...
[Release] Ready for chain stamping on first request

building client...
[36mvite v7.1.12 [32mbuilding for production...[36m[39m
transforming...
[plugin vite:esbuild] client/src/pages/presale.tsx: Duplicate key "purple" in object literal
127 |      purple: "shadow-purple-500/20",
128 |      pink: "shadow-pink-500/20",
129 |      purple: "shadow-purple-500/20",
    |      ^
130 |    };
131 |    

[plugin vite:esbuild] client/src/pages/treasury.tsx: Duplicate key "purple" in object literal
70 |      purple: { bg: "bg-purple-500/20", text: "text-purple-400", border: "border-purple-500/30", glow: "shadow-purple-5...
71 |      green: { bg: "bg-green-500/20", text: "text-green-400", border: "border-green-500/30", glow: "shadow-green-500/20...
72 |      purple: { bg: "bg-purple-500/20", text: "text-purple-400", border: "border-purple-500/30", glow: "shadow-purple-5...
   |      ^
73 |      blue: { bg: "bg-blue-500/20", text: "text-blue-400", border: "border-blue-500/30", glow: "shadow-blue-500/20" },
74 |      pink: { bg: "bg-pink-500/20", text: "text-pink-400", border: "border-pink-500/30", glow: "shadow-pink-500/20" },

[plugin vite:esbuild] client/src/pages/owner-admin/index.tsx: Duplicate key "purple" in object literal
283 |      purple: "rgba(168,85,247,0.15)",
284 |      pink: "rgba(236,72,153,0.15)",
285 |      purple: "rgba(245,158,11,0.15)",
    |      ^
286 |      emerald: "rgba(16,185,129,0.15)",
287 |    };

[32mΓ£ô[39m 4184 modules transformed.
rendering chunks...
[meta-images] no Replit deployment domain found, skipping meta tag updates
computing gzip size...
[2m../dist/public/[22m[32mindex.html                                                                                 [39m[1m[2m   10.03 kB[22m[1m[22m[2m Γöé gzip:   2.92 kB[22m
[2m../dist/public/[22m[32massets/hub_membership_vip-owQ2kj3Y.jpg                                                     [39m[1m[2m   66.96 kB[22m[1m[22m
[2m../dist/public/[22m[32massets/hub_staking_vault-MH_ftZcx.jpg                                                      [39m[1m[2m   82.18 kB[22m[1m[22m
[2m../dist/public/[22m[32massets/hub_presale_launch-Bxu_mppo.jpg                                                     [39m[1m[2m   82.75 kB[22m[1m[22m
[2m../dist/public/[22m[32massets/hub_portfolio_chart-B1q7mIlL.jpg                                                    [39m[1m[2m   84.41 kB[22m[1m[22m
[2m../dist/public/[22m[32massets/hub_games_combat-Cn_goP2j.jpg                                                       [39m[1m[2m   88.73 kB[22m[1m[22m
[2m../dist/public/[22m[32massets/hub_smart_contract-lba0xv3B.jpg                                                     [39m[1m[2m   89.39 kB[22m[1m[22m
[2m../dist/public/[22m[32massets/hub_chronicles_game-CIcY-c6Y.jpg                                                    [39m[1m[2m   93.19 kB[22m[1m[22m
[2m../dist/public/[22m[32massets/hub_chat_messaging-B1PRqMLL.jpg                                                     [39m[1m[2m   98.47 kB[22m[1m[22m
[2m../dist/public/[22m[32massets/hub_home_overview-BakMuyYa.jpg                                                      [39m[1m[2m  102.42 kB[22m[1m[22m
[2m../dist/public/[22m[32massets/hub_liquidity_pool-BcZiQx4G.jpg                                                     [39m[1m[2m  103.36 kB[22m[1m[22m
[2m../dist/public/[22m[32massets/hub_quest_compass-U6NZf6jA.jpg                                                      [39m[1m[2m  105.61 kB[22m[1m[22m
[2m../dist/public/[22m[32massets/cc_marketing_content-DBh1p3nj.jpg                                                   [39m[1m[2m  107.03 kB[22m[1m[22m
[2m../dist/public/[22m[32massets/cc_finance_tokens-DNq8l7Ap.jpg                                                      [39m[1m[2m  108.70 kB[22m[1m[22m
[2m../dist/public/[22m[32massets/hub_community_social-vGOrh86Z.jpg                                                   [39m[1m[2m  109.16 kB[22m[1m[22m
[2m../dist/public/[22m[32massets/hub_identity_security-Dth38Nen.jpg                                                  [39m[1m[2m  111.51 kB[22m[1m[22m
[2m../dist/public/[22m[32massets/guardian-hero-BrFvVyNb.jpg                                                          [39m[1m[2m  116.76 kB[22m[1m[22m
[2m../dist/public/[22m[32massets/hub_learn_explore-DwK821UW.jpg                                                      [39m[1m[2m  118.96 kB[22m[1m[22m
[2m../dist/public/[22m[32massets/cc_games_arcade-Dx0UPx4d.jpg                                                        [39m[1m[2m  120.71 kB[22m[1m[22m
[2m../dist/public/[22m[32massets/cc_blockchain_network-pHlbQo7D.jpg                                                  [39m[1m[2m  123.61 kB[22m[1m[22m
[2m../dist/public/[22m[32massets/hub_referral_network-DpZI4zcg.jpg                                                   [39m[1m[2m  124.24 kB[22m[1m[22m
[2m../dist/public/[22m[32massets/hub_trading_defi-DNx0meGw.jpg                                                       [39m[1m[2m  125.03 kB[22m[1m[22m
[2m../dist/public/[22m[32massets/cc_developer_tools-C8ocx475.jpg                                                     [39m[1m[2m  125.25 kB[22m[1m[22m
[2m../dist/public/[22m[32massets/guardian-trust-score-1wYns-UV.jpg                                                   [39m[1m[2m  129.52 kB[22m[1m[22m
[2m../dist/public/[22m[32massets/game_card_games-Cde9SziF.jpg                                                        [39m[1m[2m  129.77 kB[22m[1m[22m
[2m../dist/public/[22m[32massets/hub_governance_vote-CAgxbFqk.jpg                                                    [39m[1m[2m  131.09 kB[22m[1m[22m
[2m../dist/public/[22m[32massets/hub_wallet_tokens-Coj8CR0L.jpg                                                      [39m[1m[2m  131.36 kB[22m[1m[22m
[2m../dist/public/[22m[32massets/hub_nft_gallery-Qk9sb8JP.jpg                                                        [39m[1m[2m  132.06 kB[22m[1m[22m
[2m../dist/public/[22m[32massets/guardian-enterprise-BlS6hVeA.jpg                                                    [39m[1m[2m  137.92 kB[22m[1m[22m
[2m../dist/public/[22m[32massets/hub_retro_space-DF94uY60.jpg                                                        [39m[1m[2m  138.16 kB[22m[1m[22m
[2m../dist/public/[22m[32massets/hub_bridge_chains-D1hY9sIU.jpg                                                      [39m[1m[2m  139.69 kB[22m[1m[22m
[2m../dist/public/[22m[32massets/cc_users_community-BHjVqfHF.jpg                                                     [39m[1m[2m  139.88 kB[22m[1m[22m
[2m../dist/public/[22m[32massets/guardian-certified-CdaTQbEZ.jpg                                                     [39m[1m[2m  167.24 kB[22m[1m[22m
[2m../dist/public/[22m[32massets/guardian-shield-CZih5jCX.jpg                                                        [39m[1m[2m  168.21 kB[22m[1m[22m
[2m../dist/public/[22m[32massets/cc_analytics_dashboard-vHDK8-3O.jpg                                                 [39m[1m[2m  168.36 kB[22m[1m[22m
[2m../dist/public/[22m[32massets/hub_dice_chance-Tl5Mq_nz.jpg                                                        [39m[1m[2m  169.28 kB[22m[1m[22m
[2m../dist/public/[22m[32massets/cc_settings_config-yG_s60yE.jpg                                                     [39m[1m[2m  172.80 kB[22m[1m[22m
[2m../dist/public/[22m[32massets/hub_explorer_blocks-D1dMl2z3.jpg                                                    [39m[1m[2m  174.89 kB[22m[1m[22m
[2m../dist/public/[22m[32massets/cc_security_shield-C1-KpA_d.jpg                                                     [39m[1m[2m  175.68 kB[22m[1m[22m
[2m../dist/public/[22m[32massets/hub_ai_tools-DIQk3RkB.jpg                                                           [39m[1m[2m  187.93 kB[22m[1m[22m
[2m../dist/public/[22m[32massets/guardian-threat-BNDA-w6U.jpg                                                        [39m[1m[2m  189.93 kB[22m[1m[22m
[2m../dist/public/[22m[32massets/hub_slots_casino-CkFSnVKz.jpg                                                       [39m[1m[2m  203.41 kB[22m[1m[22m
[2m../dist/public/[22m[32massets/hub_guardian_sentinel-Cff0FSOA.jpg                                                  [39m[1m[2m  210.51 kB[22m[1m[22m
[2m../dist/public/[22m[32massets/cc_rewards_treasure-w-3bXI-D.jpg                                                    [39m[1m[2m  219.66 kB[22m[1m[22m
[2m../dist/public/[22m[32massets/hub_earn_rewards-C6WQY7DJ.jpg                                                       [39m[1m[2m  233.79 kB[22m[1m[22m
[2m../dist/public/[22m[32massets/Screenshot_20260213_013718_Chrome_1770968308695-DhqXLSb5.jpg                        [39m[1m[2m  537.52 kB[22m[1m[22m
[2m../dist/public/[22m[32massets/darkwave_trust_layer_emblem_enhanced_1769161177418-CF_LMP_T.png                     [39m[1m[2m  896.19 kB[22m[1m[22m
[2m../dist/public/[22m[32massets/Screenshot_20260213_013103_Chrome_1770968118325-D1FWctbG.jpg                        [39m[1m[2m1,050.02 kB[22m[1m[22m
[2m../dist/public/[22m[32massets/trust_network_connecting_everything_1769800437573-yUkUZkPa.png                      [39m[1m[2m1,866.74 kB[22m[1m[22m
[2m../dist/public/[22m[35massets/index-0kXJOGke.css                                                                  [39m[1m[2m  552.19 kB[22m[1m[22m[2m Γöé gzip:  53.97 kB[22m
[2m../dist/public/[22m[36massets/shield-reference-B9qGdwhl.js                                                        [39m[1m[2m    0.05 kB[22m[1m[22m[2m Γöé gzip:   0.07 kB[22m
[2m../dist/public/[22m[36massets/feudal_japan_samurai_castle-DFrigCPR.js                                             [39m[1m[2m    0.06 kB[22m[1m[22m[2m Γöé gzip:   0.08 kB[22m
[2m../dist/public/[22m[36massets/futuristic_blockchain_network_activity_monitor-BTWLMSZm.js                          [39m[1m[2m    0.06 kB[22m[1m[22m[2m Γöé gzip:   0.08 kB[22m
[2m../dist/public/[22m[36massets/fantasy_character_heroes-DDAzwE11.js                                                [39m[1m[2m    0.06 kB[22m[1m[22m[2m Γöé gzip:   0.08 kB[22m
[2m../dist/public/[22m[36massets/developer_portal_apis-BCSamYwz.js                                                   [39m[1m[2m    0.06 kB[22m[1m[22m[2m Γöé gzip:   0.08 kB[22m
[2m../dist/public/[22m[36massets/futuristic_dashboard_interface_for_managing_decentralized_applications-BmmQaQKt.js  [39m[1m[2m    0.06 kB[22m[1m[22m[2m Γöé gzip:   0.08 kB[22m
[2m../dist/public/[22m[36massets/fantasy_sci-fi_world_landscape-D5Ni71rY.js                                          [39m[1m[2m    0.06 kB[22m[1m[22m[2m Γöé gzip:   0.08 kB[22m
[2m../dist/public/[22m[36massets/game_coinflip_premium-2AGl5-0t.js                                                   [39m[1m[2m    0.06 kB[22m[1m[22m[2m Γöé gzip:   0.08 kB[22m
[2m../dist/public/[22m[36massets/cyberpunk_neon_city-CJbk53IE.js                                                     [39m[1m[2m    0.06 kB[22m[1m[22m[2m Γöé gzip:   0.08 kB[22m
[2m../dist/public/[22m[36massets/quantum_dimension_realm-BWrX5dkK.js                                                 [39m[1m[2m    0.06 kB[22m[1m[22m[2m Γöé gzip:   0.08 kB[22m
[2m../dist/public/[22m[36massets/validator_network_servers-CkY9WlYi.js                                               [39m[1m[2m    0.06 kB[22m[1m[22m[2m Γöé gzip:   0.08 kB[22m
[2m../dist/public/[22m[36massets/token_presale_investment-D1C404bW.js                                                [39m[1m[2m    0.06 kB[22m[1m[22m[2m Γöé gzip:   0.08 kB[22m
[2m../dist/public/[22m[36massets/guardian_security_shield_logo-B7KbZM8a.js                                           [39m[1m[2m    0.06 kB[22m[1m[22m[2m Γöé gzip:   0.08 kB[22m
[2m../dist/public/[22m[36massets/ethereum_smart_city_network-CACcXrRc.js                                             [39m[1m[2m    0.06 kB[22m[1m[22m[2m Γöé gzip:   0.08 kB[22m
[2m../dist/public/[22m[36massets/index-BdQq_4o_.js                                                                   [39m[1m[2m    0.06 kB[22m[1m[22m[2m Γöé gzip:   0.08 kB[22m
[2m../dist/public/[22m[36massets/hub_trading_defi-BFvlPK3E.js                                                        [39m[1m[2m    0.06 kB[22m[1m[22m[2m Γöé gzip:   0.08 kB[22m
[2m../dist/public/[22m[36massets/utils-km2FGkQ4.js                                                                   [39m[1m[2m    0.09 kB[22m[1m[22m[2m Γöé gzip:   0.10 kB[22m
[2m../dist/public/[22m[36massets/collapsible-UUcYTQ-m.js                                                             [39m[1m[2m    0.10 kB[22m[1m[22m[2m Γöé gzip:   0.11 kB[22m
[2m../dist/public/[22m[36massets/game_leprechaun_slots-CTWIFmeg.js                                                   [39m[1m[2m    0.11 kB[22m[1m[22m[2m Γöé gzip:   0.09 kB[22m
[2m../dist/public/[22m[36massets/deep_space_station-2gGFVyJD.js                                                      [39m[1m[2m    0.11 kB[22m[1m[22m[2m Γöé gzip:   0.09 kB[22m
[2m../dist/public/[22m[36massets/community_building_future-DBRM5u6r.js                                               [39m[1m[2m    0.11 kB[22m[1m[22m[2m Γöé gzip:   0.09 kB[22m
[2m../dist/public/[22m[36massets/game_card_games-DSeACSDb.js                                                         [39m[1m[2m    0.15 kB[22m[1m[22m[2m Γöé gzip:   0.10 kB[22m
[2m../dist/public/[22m[36massets/skeleton-D5d71o46.js                                                                [39m[1m[2m    0.18 kB[22m[1m[22m[2m Γöé gzip:   0.16 kB[22m
[2m../dist/public/[22m[36massets/index-CsKQY679.js                                                                   [39m[1m[2m    0.23 kB[22m[1m[22m[2m Γöé gzip:   0.17 kB[22m
[2m../dist/public/[22m[36massets/minus-CqRzfnQK.js                                                                   [39m[1m[2m    0.29 kB[22m[1m[22m[2m Γöé gzip:   0.24 kB[22m
[2m../dist/public/[22m[36massets/check-ChJCjwiI.js                                                                   [39m[1m[2m    0.29 kB[22m[1m[22m[2m Γöé gzip:   0.24 kB[22m
[2m../dist/public/[22m[36massets/circle-B6o8RYEJ.js                                                                  [39m[1m[2m    0.30 kB[22m[1m[22m[2m Γöé gzip:   0.24 kB[22m
[2m../dist/public/[22m[36massets/chevron-down-CR2wEABn.js                                                            [39m[1m[2m    0.30 kB[22m[1m[22m[2m Γöé gzip:   0.25 kB[22m
[2m../dist/public/[22m[36massets/chevron-up-CmBl6E_A.js                                                              [39m[1m[2m    0.30 kB[22m[1m[22m[2m Γöé gzip:   0.25 kB[22m
[2m../dist/public/[22m[36massets/chevron-right-C466ob4e.js                                                           [39m[1m[2m    0.30 kB[22m[1m[22m[2m Γöé gzip:   0.25 kB[22m
[2m../dist/public/[22m[36massets/chevron-left-CH7UoN_Y.js                                                            [39m[1m[2m    0.30 kB[22m[1m[22m[2m Γöé gzip:   0.25 kB[22m
[2m../dist/public/[22m[36massets/loader-circle-C01ZccLF.js                                                           [39m[1m[2m    0.31 kB[22m[1m[22m[2m Γöé gzip:   0.26 kB[22m
[2m../dist/public/[22m[36massets/hub_bridge_chains-BX80_UpM.js                                                       [39m[1m[2m    0.32 kB[22m[1m[22m[2m Γöé gzip:   0.22 kB[22m
[2m../dist/public/[22m[36massets/square-DmGHZtcO.js                                                                  [39m[1m[2m    0.32 kB[22m[1m[22m[2m Γöé gzip:   0.26 kB[22m
[2m../dist/public/[22m[36massets/plus-JOkfB5cY.js                                                                    [39m[1m[2m    0.33 kB[22m[1m[22m[2m Γöé gzip:   0.25 kB[22m
[2m../dist/public/[22m[36massets/cloud-DsBAtdrN.js                                                                   [39m[1m[2m    0.33 kB[22m[1m[22m[2m Γöé gzip:   0.27 kB[22m
[2m../dist/public/[22m[36massets/code-D8NeZG8z.js                                                                    [39m[1m[2m    0.34 kB[22m[1m[22m[2m Γöé gzip:   0.26 kB[22m
[2m../dist/public/[22m[36massets/terminal-CE5R-ftt.js                                                                [39m[1m[2m    0.34 kB[22m[1m[22m[2m Γöé gzip:   0.26 kB[22m
[2m../dist/public/[22m[36massets/arrow-up-y6PioUzV.js                                                                [39m[1m[2m    0.34 kB[22m[1m[22m[2m Γöé gzip:   0.26 kB[22m
[2m../dist/public/[22m[36massets/clock-BSl-tluo.js                                                                   [39m[1m[2m    0.34 kB[22m[1m[22m[2m Γöé gzip:   0.27 kB[22m
[2m../dist/public/[22m[36massets/arrow-right-zDVki96S.js                                                             [39m[1m[2m    0.34 kB[22m[1m[22m[2m Γöé gzip:   0.26 kB[22m
[2m../dist/public/[22m[36massets/arrow-left-CtjUTJ-U.js                                                              [39m[1m[2m    0.34 kB[22m[1m[22m[2m Γöé gzip:   0.27 kB[22m
[2m../dist/public/[22m[36massets/arrow-down-C95oXYLX.js                                                              [39m[1m[2m    0.34 kB[22m[1m[22m[2m Γöé gzip:   0.26 kB[22m
[2m../dist/public/[22m[36massets/arrow-up-right-CvSnnT3C.js                                                          [39m[1m[2m    0.34 kB[22m[1m[22m[2m Γöé gzip:   0.26 kB[22m
[2m../dist/public/[22m[36massets/infinity-CDYD7ooP.js                                                                [39m[1m[2m    0.34 kB[22m[1m[22m[2m Γöé gzip:   0.27 kB[22m
[2m../dist/public/[22m[36massets/arrow-down-right-CnV_R71E.js                                                        [39m[1m[2m    0.34 kB[22m[1m[22m[2m Γöé gzip:   0.27 kB[22m
[2m../dist/public/[22m[36massets/circle-check-CvZLLvcr.js                                                            [39m[1m[2m    0.35 kB[22m[1m[22m[2m Γöé gzip:   0.27 kB[22m
[2m../dist/public/[22m[36massets/trending-up-Bcm1yNdY.js                                                             [39m[1m[2m    0.35 kB[22m[1m[22m[2m Γöé gzip:   0.27 kB[22m
[2m../dist/public/[22m[36massets/ban-C45RfYWr.js                                                                     [39m[1m[2m    0.35 kB[22m[1m[22m[2m Γöé gzip:   0.28 kB[22m
[2m../dist/public/[22m[36massets/facebook-CYwQJoEi.js                                                                [39m[1m[2m    0.35 kB[22m[1m[22m[2m Γöé gzip:   0.29 kB[22m
[2m../dist/public/[22m[36massets/trending-down-Cut4sxqB.js                                                           [39m[1m[2m    0.35 kB[22m[1m[22m[2m Γöé gzip:   0.28 kB[22m
[2m../dist/public/[22m[36massets/BarChart-BYaZyDCW.js                                                                [39m[1m[2m    0.35 kB[22m[1m[22m[2m Γöé gzip:   0.25 kB[22m
[2m../dist/public/[22m[36massets/chart-line-Sfu-ZYbF.js                                                              [39m[1m[2m    0.35 kB[22m[1m[22m[2m Γöé gzip:   0.27 kB[22m
[2m../dist/public/[22m[36massets/dice-1-BJjXJOvT.js                                                                  [39m[1m[2m    0.36 kB[22m[1m[22m[2m Γöé gzip:   0.28 kB[22m
[2m../dist/public/[22m[36massets/menu-BXV5fibe.js                                                                    [39m[1m[2m    0.36 kB[22m[1m[22m[2m Γöé gzip:   0.26 kB[22m
[2m../dist/public/[22m[36massets/circle-check-big-C85CdtXm.js                                                        [39m[1m[2m    0.36 kB[22m[1m[22m[2m Γöé gzip:   0.28 kB[22m
[2m../dist/public/[22m[36massets/play-yXh92ncB.js                                                                    [39m[1m[2m    0.36 kB[22m[1m[22m[2m Γöé gzip:   0.28 kB[22m
[2m../dist/public/[22m[36massets/user-BtxWzQnH.js                                                                    [39m[1m[2m    0.36 kB[22m[1m[22m[2m Γöé gzip:   0.28 kB[22m
[2m../dist/public/[22m[36massets/flame-Dh4gTmey.js                                                                   [39m[1m[2m    0.37 kB[22m[1m[22m[2m Γöé gzip:   0.29 kB[22m
[2m../dist/public/[22m[36massets/smartphone-CcM7bVrm.js                                                              [39m[1m[2m    0.37 kB[22m[1m[22m[2m Γöé gzip:   0.29 kB[22m
[2m../dist/public/[22m[36massets/info-Z4rq01G0.js                                                                    [39m[1m[2m    0.37 kB[22m[1m[22m[2m Γöé gzip:   0.28 kB[22m
[2m../dist/public/[22m[36massets/rotate-ccw-KKGHQLEv.js                                                              [39m[1m[2m    0.37 kB[22m[1m[22m[2m Γöé gzip:   0.29 kB[22m
[2m../dist/public/[22m[36massets/lock-yESfZXum.js                                                                    [39m[1m[2m    0.37 kB[22m[1m[22m[2m Γöé gzip:   0.29 kB[22m
[2m../dist/public/[22m[36massets/circle-x-Do659I7Z.js                                                                [39m[1m[2m    0.38 kB[22m[1m[22m[2m Γöé gzip:   0.28 kB[22m
[2m../dist/public/[22m[36massets/credit-card-Hmg0LbSP.js                                                             [39m[1m[2m    0.38 kB[22m[1m[22m[2m Γöé gzip:   0.29 kB[22m
[2m../dist/public/[22m[36massets/code-xml-DO4X6irX.js                                                                [39m[1m[2m    0.38 kB[22m[1m[22m[2m Γöé gzip:   0.28 kB[22m
[2m../dist/public/[22m[36massets/lock-open-Cni8KCyz.js                                                               [39m[1m[2m    0.38 kB[22m[1m[22m[2m Γöé gzip:   0.30 kB[22m
[2m../dist/public/[22m[36massets/pause-CZ4wZHVt.js                                                                   [39m[1m[2m    0.38 kB[22m[1m[22m[2m Γöé gzip:   0.27 kB[22m
[2m../dist/public/[22m[36massets/mail-CA4jUyFT.js                                                                    [39m[1m[2m    0.39 kB[22m[1m[22m[2m Γöé gzip:   0.31 kB[22m
[2m../dist/public/[22m[36massets/dollar-sign-1DIdfbRb.js                                                             [39m[1m[2m    0.39 kB[22m[1m[22m[2m Γöé gzip:   0.30 kB[22m
[2m../dist/public/[22m[36massets/briefcase-BGLWiAui.js                                                               [39m[1m[2m    0.39 kB[22m[1m[22m[2m Γöé gzip:   0.30 kB[22m
[2m../dist/public/[22m[36massets/target-Bm3deB9t.js                                                                  [39m[1m[2m    0.39 kB[22m[1m[22m[2m Γöé gzip:   0.27 kB[22m
[2m../dist/public/[22m[36massets/mic-Be2eg4qC.js                                                                     [39m[1m[2m    0.40 kB[22m[1m[22m[2m Γöé gzip:   0.31 kB[22m
[2m../dist/public/[22m[36massets/vote-B4pEaLkc.js                                                                    [39m[1m[2m    0.40 kB[22m[1m[22m[2m Γöé gzip:   0.30 kB[22m
[2m../dist/public/[22m[36massets/log-out-DJuvHykr.js                                                                 [39m[1m[2m    0.40 kB[22m[1m[22m[2m Γöé gzip:   0.29 kB[22m
[2m../dist/public/[22m[36massets/upload-Cky-iFnl.js                                                                  [39m[1m[2m    0.40 kB[22m[1m[22m[2m Γöé gzip:   0.30 kB[22m
[2m../dist/public/[22m[36massets/log-in-BZyB6F6R.js                                                                  [39m[1m[2m    0.40 kB[22m[1m[22m[2m Γöé gzip:   0.29 kB[22m
[2m../dist/public/[22m[36massets/copy-C2kyX716.js                                                                    [39m[1m[2m    0.40 kB[22m[1m[22m[2m Γöé gzip:   0.31 kB[22m
[2m../dist/public/[22m[36massets/download-CrWwkr5Y.js                                                                [39m[1m[2m    0.41 kB[22m[1m[22m[2m Γöé gzip:   0.30 kB[22m
[2m../dist/public/[22m[36massets/message-square-DXMAiXlw.js                                                          [39m[1m[2m    0.41 kB[22m[1m[22m[2m Γöé gzip:   0.31 kB[22m
[2m../dist/public/[22m[36massets/shell-c2m8pw1R.js                                                                   [39m[1m[2m    0.41 kB[22m[1m[22m[2m Γöé gzip:   0.30 kB[22m
[2m../dist/public/[22m[36massets/activity-BtmklVqS.js                                                                [39m[1m[2m    0.41 kB[22m[1m[22m[2m Γöé gzip:   0.30 kB[22m
[2m../dist/public/[22m[36massets/pen-D_OHuYS2.js                                                                     [39m[1m[2m    0.41 kB[22m[1m[22m[2m Γöé gzip:   0.31 kB[22m
[2m../dist/public/[22m[36massets/globe-BpYzY_um.js                                                                   [39m[1m[2m    0.41 kB[22m[1m[22m[2m Γöé gzip:   0.29 kB[22m
[2m../dist/public/[22m[36massets/history-DgSotdM4.js                                                                 [39m[1m[2m    0.41 kB[22m[1m[22m[2m Γöé gzip:   0.30 kB[22m
[2m../dist/public/[22m[36massets/percent-4UOznk1Y.js                                                                 [39m[1m[2m    0.41 kB[22m[1m[22m[2m Γöé gzip:   0.29 kB[22m
[2m../dist/public/[22m[36massets/headphones-Bc_1aJQY.js                                                              [39m[1m[2m    0.41 kB[22m[1m[22m[2m Γöé gzip:   0.29 kB[22m
[2m../dist/public/[22m[36massets/maximize-2-tZuag3iY.js                                                              [39m[1m[2m    0.41 kB[22m[1m[22m[2m Γöé gzip:   0.29 kB[22m
[2m../dist/public/[22m[36massets/user-check-DNbDpdfX.js                                                              [39m[1m[2m    0.41 kB[22m[1m[22m[2m Γöé gzip:   0.31 kB[22m
[2m../dist/public/[22m[36massets/timer-DtsIqQ-I.js                                                                   [39m[1m[2m    0.41 kB[22m[1m[22m[2m Γöé gzip:   0.29 kB[22m
[2m../dist/public/[22m[36massets/minimize-2-D7fYx8cU.js                                                              [39m[1m[2m    0.41 kB[22m[1m[22m[2m Γöé gzip:   0.29 kB[22m
[2m../dist/public/[22m[36massets/message-circle-BoDurpen.js                                                          [39m[1m[2m    0.41 kB[22m[1m[22m[2m Γöé gzip:   0.31 kB[22m
[2m../dist/public/[22m[36massets/link-2-CmsHvMf0.js                                                                  [39m[1m[2m    0.42 kB[22m[1m[22m[2m Γöé gzip:   0.31 kB[22m
[2m../dist/public/[22m[36massets/circle-question-mark-DbpNXSYv.js                                                    [39m[1m[2m    0.42 kB[22m[1m[22m[2m Γöé gzip:   0.31 kB[22m
[2m../dist/public/[22m[36massets/database-Cbmshuox.js                                                                [39m[1m[2m    0.42 kB[22m[1m[22m[2m Γöé gzip:   0.31 kB[22m
[2m../dist/public/[22m[36massets/arrow-up-down-D2o_vCjl.js                                                           [39m[1m[2m    0.42 kB[22m[1m[22m[2m Γöé gzip:   0.30 kB[22m
[2m../dist/public/[22m[36massets/compass-B-oinxHn.js                                                                 [39m[1m[2m    0.42 kB[22m[1m[22m[2m Γöé gzip:   0.31 kB[22m
[2m../dist/public/[22m[36massets/twitter-BEEPsjpr.js                                                                 [39m[1m[2m    0.42 kB[22m[1m[22m[2m Γöé gzip:   0.32 kB[22m
[2m../dist/public/[22m[36massets/book-marked-C7B3LY4e.js                                                             [39m[1m[2m    0.42 kB[22m[1m[22m[2m Γöé gzip:   0.31 kB[22m
[2m../dist/public/[22m[36massets/arrow-left-right-dna6IYkI.js                                                        [39m[1m[2m    0.42 kB[22m[1m[22m[2m Γöé gzip:   0.30 kB[22m
[2m../dist/public/[22m[36massets/arrow-right-left-Cy3-KqQa.js                                                        [39m[1m[2m    0.42 kB[22m[1m[22m[2m Γöé gzip:   0.30 kB[22m
[2m../dist/public/[22m[36massets/video-DfE8Kwe8.js                                                                   [39m[1m[2m    0.42 kB[22m[1m[22m[2m Γöé gzip:   0.32 kB[22m
[2m../dist/public/[22m[36massets/chart-column-CdhsBJLf.js                                                            [39m[1m[2m    0.42 kB[22m[1m[22m[2m Γöé gzip:   0.30 kB[22m
[2m../dist/public/[22m[36massets/external-link-DOIrP_Gp.js                                                           [39m[1m[2m    0.42 kB[22m[1m[22m[2m Γöé gzip:   0.30 kB[22m
[2m../dist/public/[22m[36massets/eye-DHj_tt4_.js                                                                     [39m[1m[2m    0.42 kB[22m[1m[22m[2m Γöé gzip:   0.30 kB[22m
[2m../dist/public/[22m[36massets/funnel-C5hZx0Fv.js                                                                  [39m[1m[2m    0.42 kB[22m[1m[22m[2m Γöé gzip:   0.31 kB[22m
[2m../dist/public/[22m[36massets/map-pin-BW6rOzC8.js                                                                 [39m[1m[2m    0.43 kB[22m[1m[22m[2m Γöé gzip:   0.33 kB[22m
[2m../dist/public/[22m[36massets/flag-FsRLNp_j.js                                                                    [39m[1m[2m    0.43 kB[22m[1m[22m[2m Γöé gzip:   0.31 kB[22m
[2m../dist/public/[22m[36massets/calendar-DrA3FPCq.js                                                                [39m[1m[2m    0.43 kB[22m[1m[22m[2m Γöé gzip:   0.31 kB[22m
[2m../dist/public/[22m[36massets/heart-CbsU0ull.js                                                                   [39m[1m[2m    0.43 kB[22m[1m[22m[2m Γöé gzip:   0.32 kB[22m
[2m../dist/public/[22m[36massets/key-Hhgoi89X.js                                                                     [39m[1m[2m    0.43 kB[22m[1m[22m[2m Γöé gzip:   0.32 kB[22m
[2m../dist/public/[22m[36massets/monitor-DuhLCWFt.js                                                                 [39m[1m[2m    0.43 kB[22m[1m[22m[2m Γöé gzip:   0.31 kB[22m
[2m../dist/public/[22m[36massets/zap-D4YE4cTQ.js                                                                     [39m[1m[2m    0.44 kB[22m[1m[22m[2m Γöé gzip:   0.31 kB[22m
[2m../dist/public/[22m[36massets/triangle-alert-C1TgwGgc.js                                                          [39m[1m[2m    0.44 kB[22m[1m[22m[2m Γöé gzip:   0.31 kB[22m
[2m../dist/public/[22m[36massets/workflow-DFtemuVP.js                                                                [39m[1m[2m    0.44 kB[22m[1m[22m[2m Γöé gzip:   0.31 kB[22m
[2m../dist/public/[22m[36massets/file-check-usofKzBW.js                                                              [39m[1m[2m    0.44 kB[22m[1m[22m[2m Γöé gzip:   0.30 kB[22m
[2m../dist/public/[22m[36massets/shield-B3DKN6VJ.js                                                                  [39m[1m[2m    0.44 kB[22m[1m[22m[2m Γöé gzip:   0.33 kB[22m
[2m../dist/public/[22m[36massets/image-B6SI4-Mz.js                                                                   [39m[1m[2m    0.44 kB[22m[1m[22m[2m Γöé gzip:   0.33 kB[22m
[2m../dist/public/[22m[36massets/award-Cddeq3Uy.js                                                                   [39m[1m[2m    0.44 kB[22m[1m[22m[2m Γöé gzip:   0.33 kB[22m
[2m../dist/public/[22m[36massets/repeat-Cga7U-gC.js                                                                  [39m[1m[2m    0.45 kB[22m[1m[22m[2m Γöé gzip:   0.31 kB[22m
[2m../dist/public/[22m[36massets/chart-pie-Ctr9pinA.js                                                               [39m[1m[2m    0.45 kB[22m[1m[22m[2m Γöé gzip:   0.33 kB[22m
[2m../dist/public/[22m[36massets/coins-Bm89pD56.js                                                                   [39m[1m[2m    0.45 kB[22m[1m[22m[2m Γöé gzip:   0.32 kB[22m
[2m../dist/public/[22m[36massets/git-branch-Du0QLSj8.js                                                              [39m[1m[2m    0.45 kB[22m[1m[22m[2m Γöé gzip:   0.32 kB[22m
[2m../dist/public/[22m[36massets/book-open-CdPEXUty.js                                                               [39m[1m[2m    0.45 kB[22m[1m[22m[2m Γöé gzip:   0.31 kB[22m
[2m../dist/public/[22m[36massets/wifi-Uw0sYEfe.js                                                                    [39m[1m[2m    0.45 kB[22m[1m[22m[2m Γöé gzip:   0.31 kB[22m
[2m../dist/public/[22m[36massets/lightbulb-C-Ena52o.js                                                               [39m[1m[2m    0.45 kB[22m[1m[22m[2m Γöé gzip:   0.32 kB[22m
[2m../dist/public/[22m[36massets/textarea-CzjxFtZC.js                                                                [39m[1m[2m    0.46 kB[22m[1m[22m[2m Γöé gzip:   0.32 kB[22m
[2m../dist/public/[22m[36massets/wallet-QFJgMZLt.js                                                                  [39m[1m[2m    0.46 kB[22m[1m[22m[2m Γöé gzip:   0.31 kB[22m
[2m../dist/public/[22m[36massets/send-D7yjNW1m.js                                                                    [39m[1m[2m    0.46 kB[22m[1m[22m[2m Γöé gzip:   0.34 kB[22m
[2m../dist/public/[22m[36massets/bell-Bp91v0CW.js                                                                    [39m[1m[2m    0.46 kB[22m[1m[22m[2m Γöé gzip:   0.34 kB[22m
[2m../dist/public/[22m[36massets/folder-open-Cch5RZEv.js                                                             [39m[1m[2m    0.47 kB[22m[1m[22m[2m Γöé gzip:   0.32 kB[22m
[2m../dist/public/[22m[36massets/grid-3x3-CV4n7fKF.js                                                                [39m[1m[2m    0.47 kB[22m[1m[22m[2m Γöé gzip:   0.32 kB[22m
[2m../dist/public/[22m[36massets/hash-CFyIhZFn.js                                                                    [39m[1m[2m    0.47 kB[22m[1m[22m[2m Γöé gzip:   0.30 kB[22m
[2m../dist/public/[22m[36massets/wrench-CQe-7ayX.js                                                                  [39m[1m[2m    0.47 kB[22m[1m[22m[2m Γöé gzip:   0.34 kB[22m
[2m../dist/public/[22m[36massets/feather-DLxugak1.js                                                                 [39m[1m[2m    0.47 kB[22m[1m[22m[2m Γöé gzip:   0.34 kB[22m
[2m../dist/public/[22m[36massets/clipboard-check-BhgDoRZC.js                                                         [39m[1m[2m    0.47 kB[22m[1m[22m[2m Γöé gzip:   0.34 kB[22m
[2m../dist/public/[22m[36massets/api-Cc1xkM6f.js                                                                     [39m[1m[2m    0.48 kB[22m[1m[22m[2m Γöé gzip:   0.24 kB[22m
[2m../dist/public/[22m[36massets/users-BbZVHdXw.js                                                                   [39m[1m[2m    0.48 kB[22m[1m[22m[2m Γöé gzip:   0.33 kB[22m
[2m../dist/public/[22m[36massets/use-analytics-DRrQdsUK.js                                                           [39m[1m[2m    0.48 kB[22m[1m[22m[2m Γöé gzip:   0.36 kB[22m
[2m../dist/public/[22m[36massets/box-C2IeSUBM.js                                                                     [39m[1m[2m    0.48 kB[22m[1m[22m[2m Γöé gzip:   0.33 kB[22m
[2m../dist/public/[22m[36massets/user-plus-BgMz8GkJ.js                                                               [39m[1m[2m    0.48 kB[22m[1m[22m[2m Γöé gzip:   0.34 kB[22m
[2m../dist/public/[22m[36massets/badge-check-4qUF1EA_.js                                                             [39m[1m[2m    0.48 kB[22m[1m[22m[2m Γöé gzip:   0.32 kB[22m
[2m../dist/public/[22m[36massets/shield-check-Cpge20vI.js                                                            [39m[1m[2m    0.49 kB[22m[1m[22m[2m Γöé gzip:   0.35 kB[22m
[2m../dist/public/[22m[36massets/fuel-Bl4U9kln.js                                                                    [39m[1m[2m    0.49 kB[22m[1m[22m[2m Γöé gzip:   0.32 kB[22m
[2m../dist/public/[22m[36massets/file-code-DKZPSq4Y.js                                                               [39m[1m[2m    0.49 kB[22m[1m[22m[2m Γöé gzip:   0.32 kB[22m
[2m../dist/public/[22m[36massets/refresh-cw-C992kAdW.js                                                              [39m[1m[2m    0.49 kB[22m[1m[22m[2m Γöé gzip:   0.33 kB[22m
[2m../dist/public/[22m[36massets/tag-BkidjDXE.js                                                                     [39m[1m[2m    0.49 kB[22m[1m[22m[2m Γöé gzip:   0.35 kB[22m
[2m../dist/public/[22m[36massets/phone-SyxRqxun.js                                                                   [39m[1m[2m    0.50 kB[22m[1m[22m[2m Γöé gzip:   0.33 kB[22m
[2m../dist/public/[22m[36massets/save-BZ6E5g13.js                                                                    [39m[1m[2m    0.50 kB[22m[1m[22m[2m Γöé gzip:   0.33 kB[22m
[2m../dist/public/[22m[36massets/bot-_6Xp9-3_.js                                                                     [39m[1m[2m    0.50 kB[22m[1m[22m[2m Γöé gzip:   0.33 kB[22m
[2m../dist/public/[22m[36massets/trash-2-1pDT7bJT.js                                                                 [39m[1m[2m    0.50 kB[22m[1m[22m[2m Γöé gzip:   0.32 kB[22m
[2m../dist/public/[22m[36massets/graduation-cap-PNvYdXOU.js                                                          [39m[1m[2m    0.51 kB[22m[1m[22m[2m Γöé gzip:   0.35 kB[22m
[2m../dist/public/[22m[36massets/file-text-UH6SyCYe.js                                                               [39m[1m[2m    0.51 kB[22m[1m[22m[2m Γöé gzip:   0.32 kB[22m
[2m../dist/public/[22m[36massets/bitcoin-D-7r-MqZ.js                                                                 [39m[1m[2m    0.51 kB[22m[1m[22m[2m Γöé gzip:   0.36 kB[22m
[2m../dist/public/[22m[36massets/gem-Dgezcl1K.js                                                                     [39m[1m[2m    0.51 kB[22m[1m[22m[2m Γöé gzip:   0.35 kB[22m
[2m../dist/public/[22m[36massets/server-DPMjbrRq.js                                                                  [39m[1m[2m    0.51 kB[22m[1m[22m[2m Γöé gzip:   0.32 kB[22m
[2m../dist/public/[22m[36massets/shopping-bag-CUr6zVsM.js                                                            [39m[1m[2m    0.51 kB[22m[1m[22m[2m Γöé gzip:   0.34 kB[22m
[2m../dist/public/[22m[36massets/page-nav-HHo1TzOw.js                                                                [39m[1m[2m    0.51 kB[22m[1m[22m[2m Γöé gzip:   0.36 kB[22m
[2m../dist/public/[22m[36massets/skull-CqMDso5E.js                                                                   [39m[1m[2m    0.52 kB[22m[1m[22m[2m Γöé gzip:   0.34 kB[22m
[2m../dist/public/[22m[36massets/newspaper-DC8M9812.js                                                               [39m[1m[2m    0.52 kB[22m[1m[22m[2m Γöé gzip:   0.35 kB[22m
[2m../dist/public/[22m[36massets/layout-grid-CZDy8ZHh.js                                                             [39m[1m[2m    0.52 kB[22m[1m[22m[2m Γöé gzip:   0.30 kB[22m
[2m../dist/public/[22m[36massets/megaphone-BMhmCs5x.js                                                               [39m[1m[2m    0.52 kB[22m[1m[22m[2m Γöé gzip:   0.35 kB[22m
[2m../dist/public/[22m[36massets/scroll-text-Bp_CikPJ.js                                                             [39m[1m[2m    0.52 kB[22m[1m[22m[2m Γöé gzip:   0.33 kB[22m
[2m../dist/public/[22m[36massets/layout-dashboard-DO2DIQ8E.js                                                        [39m[1m[2m    0.52 kB[22m[1m[22m[2m Γöé gzip:   0.31 kB[22m
[2m../dist/public/[22m[36massets/webhook-Cxs3tSo_.js                                                                 [39m[1m[2m    0.53 kB[22m[1m[22m[2m Γöé gzip:   0.38 kB[22m
[2m../dist/public/[22m[36massets/share-2-mo8-JGzs.js                                                                 [39m[1m[2m    0.53 kB[22m[1m[22m[2m Γöé gzip:   0.34 kB[22m
[2m../dist/public/[22m[36massets/crosshair-D4ELQofY.js                                                               [39m[1m[2m    0.53 kB[22m[1m[22m[2m Γöé gzip:   0.32 kB[22m
[2m../dist/public/[22m[36massets/gift-Bvwfz4qS.js                                                                    [39m[1m[2m    0.53 kB[22m[1m[22m[2m Γöé gzip:   0.36 kB[22m
[2m../dist/public/[22m[36massets/crown-BtocrcQq.js                                                                   [39m[1m[2m    0.54 kB[22m[1m[22m[2m Γöé gzip:   0.36 kB[22m
[2m../dist/public/[22m[36massets/scale-CpG5j17D.js                                                                   [39m[1m[2m    0.54 kB[22m[1m[22m[2m Γöé gzip:   0.34 kB[22m
[2m../dist/public/[22m[36massets/droplets-BxJikQGz.js                                                                [39m[1m[2m    0.54 kB[22m[1m[22m[2m Γöé gzip:   0.39 kB[22m
[2m../dist/public/[22m[36massets/radio-D_UAjFCz.js                                                                   [39m[1m[2m    0.55 kB[22m[1m[22m[2m Γöé gzip:   0.36 kB[22m
[2m../dist/public/[22m[36massets/building-2-D6qjp7QK.js                                                              [39m[1m[2m    0.56 kB[22m[1m[22m[2m Γöé gzip:   0.34 kB[22m
[2m../dist/public/[22m[36massets/input-CcBKdbUw.js                                                                   [39m[1m[2m    0.56 kB[22m[1m[22m[2m Γöé gzip:   0.36 kB[22m
[2m../dist/public/[22m[36massets/network-Cl4r1UWS.js                                                                 [39m[1m[2m    0.56 kB[22m[1m[22m[2m Γöé gzip:   0.34 kB[22m
[2m../dist/public/[22m[36massets/volume-2-Dky-OhIE.js                                                                [39m[1m[2m    0.56 kB[22m[1m[22m[2m Γöé gzip:   0.38 kB[22m
[2m../dist/public/[22m[36massets/volume-x-DdsVGyO5.js                                                                [39m[1m[2m    0.56 kB[22m[1m[22m[2m Γöé gzip:   0.38 kB[22m
[2m../dist/public/[22m[36massets/mic-off-J1DIAAKt.js                                                                 [39m[1m[2m    0.56 kB[22m[1m[22m[2m Γöé gzip:   0.36 kB[22m
[2m../dist/public/[22m[36massets/landmark-C7bZim_1.js                                                                [39m[1m[2m    0.57 kB[22m[1m[22m[2m Γöé gzip:   0.37 kB[22m
[2m../dist/public/[22m[36massets/car-CK_93Iuq.js                                                                     [39m[1m[2m    0.58 kB[22m[1m[22m[2m Γöé gzip:   0.39 kB[22m
[2m../dist/public/[22m[36massets/loader-DdvZfpih.js                                                                  [39m[1m[2m    0.58 kB[22m[1m[22m[2m Γöé gzip:   0.35 kB[22m
[2m../dist/public/[22m[36massets/layers-CxKpF21a.js                                                                  [39m[1m[2m    0.59 kB[22m[1m[22m[2m Γöé gzip:   0.34 kB[22m
[2m../dist/public/[22m[36massets/sliders-vertical-DbBMB4KY.js                                                        [39m[1m[2m    0.60 kB[22m[1m[22m[2m Γöé gzip:   0.34 kB[22m
[2m../dist/public/[22m[36massets/eye-off-Cns3dALK.js                                                                 [39m[1m[2m    0.60 kB[22m[1m[22m[2m Γöé gzip:   0.38 kB[22m
[2m../dist/public/[22m[36massets/medal-WSMrQ5V-.js                                                                   [39m[1m[2m    0.61 kB[22m[1m[22m[2m Γöé gzip:   0.39 kB[22m
[2m../dist/public/[22m[36massets/handshake-BRwlRznE.js                                                               [39m[1m[2m    0.62 kB[22m[1m[22m[2m Γöé gzip:   0.39 kB[22m
[2m../dist/public/[22m[36massets/rocket-C94WvfO0.js                                                                  [39m[1m[2m    0.63 kB[22m[1m[22m[2m Γöé gzip:   0.41 kB[22m
[2m../dist/public/[22m[36massets/heart-handshake-DnT_aQTb.js                                                         [39m[1m[2m    0.63 kB[22m[1m[22m[2m Γöé gzip:   0.40 kB[22m
[2m../dist/public/[22m[36massets/star-Cfix10oP.js                                                                    [39m[1m[2m    0.65 kB[22m[1m[22m[2m Γöé gzip:   0.40 kB[22m
[2m../dist/public/[22m[36massets/trophy-78mkhXZV.js                                                                  [39m[1m[2m    0.65 kB[22m[1m[22m[2m Γöé gzip:   0.38 kB[22m
[2m../dist/public/[22m[36massets/settings-DAYWGSYK.js                                                                [39m[1m[2m    0.66 kB[22m[1m[22m[2m Γöé gzip:   0.36 kB[22m
[2m../dist/public/[22m[36massets/sparkles-C54hOT4H.js                                                                [39m[1m[2m    0.67 kB[22m[1m[22m[2m Γöé gzip:   0.39 kB[22m
[2m../dist/public/[22m[36massets/store-B8OnQ_wC.js                                                                   [39m[1m[2m    0.67 kB[22m[1m[22m[2m Γöé gzip:   0.39 kB[22m
[2m../dist/public/[22m[36massets/palette-xeyxpC9X.js                                                                 [39m[1m[2m    0.68 kB[22m[1m[22m[2m Γöé gzip:   0.38 kB[22m
[2m../dist/public/[22m[36massets/wand-sparkles-b_4eXvxf.js                                                           [39m[1m[2m    0.69 kB[22m[1m[22m[2m Γöé gzip:   0.40 kB[22m
[2m../dist/public/[22m[36massets/toggle-right-DNi5-IBG.js                                                            [39m[1m[2m    0.70 kB[22m[1m[22m[2m Γöé gzip:   0.33 kB[22m
[2m../dist/public/[22m[36massets/calculator-BupSOKHc.js                                                              [39m[1m[2m    0.70 kB[22m[1m[22m[2m Γöé gzip:   0.39 kB[22m
[2m../dist/public/[22m[36massets/use-animation-F_oZT2ch.js                                                           [39m[1m[2m    0.71 kB[22m[1m[22m[2m Γöé gzip:   0.41 kB[22m
[2m../dist/public/[22m[36massets/swords-Bjwc7C63.js                                                                  [39m[1m[2m    0.72 kB[22m[1m[22m[2m Γöé gzip:   0.39 kB[22m
[2m../dist/public/[22m[36massets/building-BRHK27fi.js                                                                [39m[1m[2m    0.74 kB[22m[1m[22m[2m Γöé gzip:   0.39 kB[22m
[2m../dist/public/[22m[36massets/badge-BmFe0bEq.js                                                                   [39m[1m[2m    0.74 kB[22m[1m[22m[2m Γöé gzip:   0.40 kB[22m
[2m../dist/public/[22m[36massets/use-simple-auth-BSzJJgex.js                                                         [39m[1m[2m    0.74 kB[22m[1m[22m[2m Γöé gzip:   0.40 kB[22m
[2m../dist/public/[22m[36massets/brain-B1fUhjcW.js                                                                   [39m[1m[2m    0.75 kB[22m[1m[22m[2m Γöé gzip:   0.42 kB[22m
[2m../dist/public/[22m[36massets/fingerprint-B4rzkV0f.js                                                             [39m[1m[2m    0.78 kB[22m[1m[22m[2m Γöé gzip:   0.46 kB[22m
[2m../dist/public/[22m[36massets/fish-BkjqM3jg.js                                                                    [39m[1m[2m    0.79 kB[22m[1m[22m[2m Γöé gzip:   0.48 kB[22m
[2m../dist/public/[22m[36massets/gamepad-2-CsLfAJOv.js                                                               [39m[1m[2m    0.79 kB[22m[1m[22m[2m Γöé gzip:   0.49 kB[22m
[2m../dist/public/[22m[36massets/bug-BbdoPp7k.js                                                                     [39m[1m[2m    0.80 kB[22m[1m[22m[2m Γöé gzip:   0.43 kB[22m
[2m../dist/public/[22m[36massets/use-in-view-BuEHo0Ad.js                                                             [39m[1m[2m    0.81 kB[22m[1m[22m[2m Γöé gzip:   0.48 kB[22m
[2m../dist/public/[22m[36massets/cpu-6JV43MI9.js                                                                     [39m[1m[2m    0.82 kB[22m[1m[22m[2m Γöé gzip:   0.40 kB[22m
[2m../dist/public/[22m[36massets/qr-code-C7TlUHp-.js                                                                 [39m[1m[2m    0.82 kB[22m[1m[22m[2m Γöé gzip:   0.42 kB[22m
[2m../dist/public/[22m[36massets/label-BZ0y1wnU.js                                                                   [39m[1m[2m    0.88 kB[22m[1m[22m[2m Γöé gzip:   0.55 kB[22m
[2m../dist/public/[22m[36massets/card-BrRU5U3g.js                                                                    [39m[1m[2m    0.98 kB[22m[1m[22m[2m Γöé gzip:   0.36 kB[22m
[2m../dist/public/[22m[36massets/package-BiyuxVFN.js                                                                 [39m[1m[2m    1.12 kB[22m[1m[22m[2m Γöé gzip:   0.51 kB[22m
[2m../dist/public/[22m[36massets/dyor-disclaimer-VJdAtJzm.js                                                         [39m[1m[2m    1.24 kB[22m[1m[22m[2m Γöé gzip:   0.62 kB[22m
[2m../dist/public/[22m[36massets/glass-card-0Ecx0wxU.js                                                              [39m[1m[2m    1.97 kB[22m[1m[22m[2m Γöé gzip:   0.91 kB[22m
[2m../dist/public/[22m[36massets/useMutation-DcTVZA5H.js                                                             [39m[1m[2m    2.01 kB[22m[1m[22m[2m Γöé gzip:   0.87 kB[22m
[2m../dist/public/[22m[36massets/info-button-De2Jvpn8.js                                                             [39m[1m[2m    2.38 kB[22m[1m[22m[2m Γöé gzip:   1.00 kB[22m
[2m../dist/public/[22m[36massets/error-9q173oz9.js                                                                   [39m[1m[2m    2.65 kB[22m[1m[22m[2m Γöé gzip:   1.06 kB[22m
[2m../dist/public/[22m[36massets/games-coming-soon-modal-BZ8YNNrF.js                                                 [39m[1m[2m    2.91 kB[22m[1m[22m[2m Γöé gzip:   1.22 kB[22m
[2m../dist/public/[22m[36massets/token-compare-D8lfpAsi.js                                                           [39m[1m[2m    3.07 kB[22m[1m[22m[2m Γöé gzip:   1.18 kB[22m
[2m../dist/public/[22m[36massets/index-D02z0ofR.js                                                                   [39m[1m[2m    3.18 kB[22m[1m[22m[2m Γöé gzip:   1.40 kB[22m
[2m../dist/public/[22m[36massets/progress-CLz1jj07.js                                                                [39m[1m[2m    3.23 kB[22m[1m[22m[2m Γöé gzip:   1.53 kB[22m
[2m../dist/public/[22m[36massets/forgot-password-idh1YINt.js                                                         [39m[1m[2m    3.35 kB[22m[1m[22m[2m Γöé gzip:   1.39 kB[22m
[2m../dist/public/[22m[36massets/index-ChUnmsN5.js                                                                   [39m[1m[2m    3.48 kB[22m[1m[22m[2m Γöé gzip:   1.67 kB[22m
[2m../dist/public/[22m[36massets/switch-B7hTyExw.js                                                                  [39m[1m[2m    3.50 kB[22m[1m[22m[2m Γöé gzip:   1.68 kB[22m
[2m../dist/public/[22m[36massets/hub_guardian_sentinel-61eIr2f9.js                                                   [39m[1m[2m    3.62 kB[22m[1m[22m[2m Γöé gzip:   1.58 kB[22m
[2m../dist/public/[22m[36massets/subscription-gate-CrG3n96u.js                                                       [39m[1m[2m    3.68 kB[22m[1m[22m[2m Γöé gzip:   1.46 kB[22m
[2m../dist/public/[22m[36massets/use-auth-dez3P9RG.js                                                                [39m[1m[2m    3.73 kB[22m[1m[22m[2m Γöé gzip:   1.30 kB[22m
[2m../dist/public/[22m[36massets/avatar-DXseKNqR.js                                                                  [39m[1m[2m    3.92 kB[22m[1m[22m[2m Γöé gzip:   1.83 kB[22m
[2m../dist/public/[22m[36massets/token-analytics-9Bry6wwQ.js                                                         [39m[1m[2m    4.15 kB[22m[1m[22m[2m Γöé gzip:   1.47 kB[22m
[2m../dist/public/[22m[36massets/startAuthentication-CjnER4o5.js                                                     [39m[1m[2m    4.34 kB[22m[1m[22m[2m Γöé gzip:   1.95 kB[22m
[2m../dist/public/[22m[36massets/gateway-error-CWryLlSR.js                                                           [39m[1m[2m    4.46 kB[22m[1m[22m[2m Γöé gzip:   1.64 kB[22m
[2m../dist/public/[22m[36massets/verify-email-d7aY5utM.js                                                            [39m[1m[2m    4.50 kB[22m[1m[22m[2m Γöé gzip:   1.66 kB[22m
[2m../dist/public/[22m[36massets/reset-password-nl_p-PUq.js                                                          [39m[1m[2m    4.52 kB[22m[1m[22m[2m Γöé gzip:   1.63 kB[22m
[2m../dist/public/[22m[36massets/checkbox-DUIT5tzd.js                                                                [39m[1m[2m    4.89 kB[22m[1m[22m[2m Γöé gzip:   2.13 kB[22m
[2m../dist/public/[22m[36massets/sso-consent-Cpn0FpvI.js                                                             [39m[1m[2m    4.89 kB[22m[1m[22m[2m Γöé gzip:   1.86 kB[22m
[2m../dist/public/[22m[36massets/doc-hub-dl3Ogr0F.js                                                                 [39m[1m[2m    5.23 kB[22m[1m[22m[2m Γöé gzip:   1.98 kB[22m
[2m../dist/public/[22m[36massets/site-nav-DX02EAY5.js                                                                [39m[1m[2m    5.42 kB[22m[1m[22m[2m Γöé gzip:   2.30 kB[22m
[2m../dist/public/[22m[36massets/accordion-BBMOIUca.js                                                               [39m[1m[2m    5.62 kB[22m[1m[22m[2m Γöé gzip:   2.28 kB[22m
[2m../dist/public/[22m[36massets/ecosystem-directory-C4akIJLZ.js                                                     [39m[1m[2m    5.77 kB[22m[1m[22m[2m Γöé gzip:   2.23 kB[22m
[2m../dist/public/[22m[36massets/status-BVOSJ3Zc.js                                                                  [39m[1m[2m    5.89 kB[22m[1m[22m[2m Γöé gzip:   2.06 kB[22m
[2m../dist/public/[22m[36massets/blog-DuFnuy3C.js                                                                    [39m[1m[2m    6.40 kB[22m[1m[22m[2m Γöé gzip:   2.35 kB[22m
[2m../dist/public/[22m[36massets/privacy-qK_76phb.js                                                                 [39m[1m[2m    6.52 kB[22m[1m[22m[2m Γöé gzip:   2.59 kB[22m
[2m../dist/public/[22m[36massets/terms-COUGvBfW.js                                                                   [39m[1m[2m    6.53 kB[22m[1m[22m[2m Γöé gzip:   2.60 kB[22m
[2m../dist/public/[22m[36massets/use-transform-DDtTTlQY.js                                                           [39m[1m[2m    7.11 kB[22m[1m[22m[2m Γöé gzip:   2.98 kB[22m
[2m../dist/public/[22m[36massets/guardian-shield-CXQMhB5m.js                                                         [39m[1m[2m    7.43 kB[22m[1m[22m[2m Γöé gzip:   2.71 kB[22m
[2m../dist/public/[22m[36massets/faucet-B2UEJR7g.js                                                                  [39m[1m[2m    7.46 kB[22m[1m[22m[2m Γöé gzip:   2.04 kB[22m
[2m../dist/public/[22m[36massets/games-nav-DCV6nju9.js                                                               [39m[1m[2m    7.62 kB[22m[1m[22m[2m Γöé gzip:   2.82 kB[22m
[2m../dist/public/[22m[36massets/api-usage-BQ43HAC4.js                                                               [39m[1m[2m    7.66 kB[22m[1m[22m[2m Γöé gzip:   2.30 kB[22m
[2m../dist/public/[22m[36massets/charts-B6Bd8c28.js                                                                  [39m[1m[2m    7.92 kB[22m[1m[22m[2m Γöé gzip:   2.15 kB[22m
[2m../dist/public/[22m[36massets/team-message-CIvqxcKR.js                                                            [39m[1m[2m    7.93 kB[22m[1m[22m[2m Γöé gzip:   1.92 kB[22m
[2m../dist/public/[22m[36massets/members-D7dJ0W_t.js                                                                 [39m[1m[2m    7.98 kB[22m[1m[22m[2m Γöé gzip:   2.59 kB[22m
[2m../dist/public/[22m[36massets/wallet-button-a_Jz3Xkp.js                                                           [39m[1m[2m    8.00 kB[22m[1m[22m[2m Γöé gzip:   2.57 kB[22m
[2m../dist/public/[22m[36massets/blog-post-B1cDZmPy.js                                                               [39m[1m[2m    8.10 kB[22m[1m[22m[2m Γöé gzip:   2.94 kB[22m
[2m../dist/public/[22m[36massets/airdrop-claim-YODwJnLG.js                                                           [39m[1m[2m    8.29 kB[22m[1m[22m[2m Γöé gzip:   2.52 kB[22m
[2m../dist/public/[22m[36massets/developers-register-_gM13GBA.js                                                     [39m[1m[2m    8.46 kB[22m[1m[22m[2m Γöé gzip:   2.75 kB[22m
[2m../dist/public/[22m[36massets/trading-HDnnPB19.js                                                                 [39m[1m[2m    8.48 kB[22m[1m[22m[2m Γöé gzip:   2.41 kB[22m
[2m../dist/public/[22m[36massets/blog-admin-DBRbXXBV.js                                                              [39m[1m[2m    8.58 kB[22m[1m[22m[2m Γöé gzip:   2.93 kB[22m
[2m../dist/public/[22m[36massets/activity-feed-D2WatA66.js                                                           [39m[1m[2m    8.58 kB[22m[1m[22m[2m Γöé gzip:   2.84 kB[22m
[2m../dist/public/[22m[36massets/ai-assistant-ClHJ8Aym.js                                                            [39m[1m[2m    8.59 kB[22m[1m[22m[2m Γöé gzip:   3.03 kB[22m
[2m../dist/public/[22m[36massets/code-snippets-CSYidt8v.js                                                           [39m[1m[2m    8.62 kB[22m[1m[22m[2m Γöé gzip:   3.27 kB[22m
[2m../dist/public/[22m[36massets/tx-simulator-BsRQjmvO.js                                                            [39m[1m[2m    8.65 kB[22m[1m[22m[2m Γöé gzip:   2.67 kB[22m
[2m../dist/public/[22m[36massets/useQuery-C8f5yhNK.js                                                                [39m[1m[2m    8.68 kB[22m[1m[22m[2m Γöé gzip:   3.14 kB[22m
[2m../dist/public/[22m[36massets/philosophy-CzDGAB2w.js                                                              [39m[1m[2m    8.72 kB[22m[1m[22m[2m Γöé gzip:   2.79 kB[22m
[2m../dist/public/[22m[36massets/vision-Dw1ZiFBb.js                                                                  [39m[1m[2m    8.73 kB[22m[1m[22m[2m Γöé gzip:   2.64 kB[22m
[2m../dist/public/[22m[36massets/network-stats-in0EoNk_.js                                                           [39m[1m[2m    8.75 kB[22m[1m[22m[2m Γöé gzip:   2.68 kB[22m
[2m../dist/public/[22m[36massets/guardian-registry-9Gzd3fde.js                                                       [39m[1m[2m    8.76 kB[22m[1m[22m[2m Γöé gzip:   2.81 kB[22m
[2m../dist/public/[22m[36massets/info-tooltip-BsVeFsuU.js                                                            [39m[1m[2m    8.77 kB[22m[1m[22m[2m Γöé gzip:   3.34 kB[22m
[2m../dist/public/[22m[36massets/ai-advisor-BLI0RLsU.js                                                              [39m[1m[2m    8.83 kB[22m[1m[22m[2m Γöé gzip:   2.88 kB[22m
[2m../dist/public/[22m[36massets/snake-BYJz6J1o.js                                                                   [39m[1m[2m    8.99 kB[22m[1m[22m[2m Γöé gzip:   2.89 kB[22m
[2m../dist/public/[22m[36massets/nft-gallery-cwH0CYGy.js                                                             [39m[1m[2m    9.00 kB[22m[1m[22m[2m Γöé gzip:   2.85 kB[22m
[2m../dist/public/[22m[36massets/slider-BNKTR6Hc.js                                                                  [39m[1m[2m    9.21 kB[22m[1m[22m[2m Γöé gzip:   3.77 kB[22m
[2m../dist/public/[22m[36massets/passkey-manager-Bt_KnwHU.js                                                         [39m[1m[2m    9.23 kB[22m[1m[22m[2m Γöé gzip:   3.55 kB[22m
[2m../dist/public/[22m[36massets/verify-CUBxE0tY.js                                                                  [39m[1m[2m    9.25 kB[22m[1m[22m[2m Γöé gzip:   2.85 kB[22m
[2m../dist/public/[22m[36massets/leaderboard-DYARBwJf.js                                                             [39m[1m[2m    9.30 kB[22m[1m[22m[2m Γöé gzip:   2.94 kB[22m
[2m../dist/public/[22m[36massets/floating-chat-Bkvcltfr.js                                                           [39m[1m[2m    9.36 kB[22m[1m[22m[2m Γöé gzip:   3.24 kB[22m
[2m../dist/public/[22m[36massets/investment-simulator-BBI2ygwR.js                                                    [39m[1m[2m    9.40 kB[22m[1m[22m[2m Γöé gzip:   3.06 kB[22m
[2m../dist/public/[22m[36massets/dialog-tqpe3o2e.js                                                                  [39m[1m[2m    9.57 kB[22m[1m[22m[2m Γöé gzip:   3.61 kB[22m
[2m../dist/public/[22m[36massets/member-badge-COHyGMXV.js                                                            [39m[1m[2m    9.63 kB[22m[1m[22m[2m Γöé gzip:   3.26 kB[22m
[2m../dist/public/[22m[36massets/feedback-Ce6YZCME.js                                                                [39m[1m[2m    9.71 kB[22m[1m[22m[2m Γöé gzip:   3.05 kB[22m
[2m../dist/public/[22m[36massets/technical-roadmap-JbsONKUn.js                                                       [39m[1m[2m    9.75 kB[22m[1m[22m[2m Γöé gzip:   3.27 kB[22m
[2m../dist/public/[22m[36massets/achievements-8kx6rKMD.js                                                            [39m[1m[2m    9.81 kB[22m[1m[22m[2m Γöé gzip:   2.81 kB[22m
[2m../dist/public/[22m[36massets/paper-trading-DyOqtm3X.js                                                           [39m[1m[2m    9.93 kB[22m[1m[22m[2m Γöé gzip:   2.95 kB[22m
[2m../dist/public/[22m[36massets/rarity-analyzer-Db7k582V.js                                                         [39m[1m[2m   10.04 kB[22m[1m[22m[2m Γöé gzip:   3.27 kB[22m
[2m../dist/public/[22m[36massets/ai-agent-marketplace-DpQT6SCt.js                                                    [39m[1m[2m   10.12 kB[22m[1m[22m[2m Γöé gzip:   3.19 kB[22m
[2m../dist/public/[22m[36massets/founder-program-DmnS1evc.js                                                         [39m[1m[2m   10.17 kB[22m[1m[22m[2m Γöé gzip:   3.33 kB[22m
[2m../dist/public/[22m[36massets/price-alerts--93znoKF.js                                                            [39m[1m[2m   10.22 kB[22m[1m[22m[2m Γöé gzip:   2.93 kB[22m
[2m../dist/public/[22m[36massets/kyc-B_IvpETx.js                                                                     [39m[1m[2m   10.25 kB[22m[1m[22m[2m Γöé gzip:   3.44 kB[22m
[2m../dist/public/[22m[36massets/lottery-DpwO24yn.js                                                                 [39m[1m[2m   10.36 kB[22m[1m[22m[2m Γöé gzip:   3.24 kB[22m
[2m../dist/public/[22m[36massets/presale-success-DVaqpdeS.js                                                         [39m[1m[2m   10.42 kB[22m[1m[22m[2m Γöé gzip:   2.83 kB[22m
[2m../dist/public/[22m[36massets/portfolio-rebalancer-DFYac0Rj.js                                                    [39m[1m[2m   10.50 kB[22m[1m[22m[2m Γöé gzip:   3.11 kB[22m
[2m../dist/public/[22m[36massets/virtual-currency-terms-0kl8CvFn.js                                                  [39m[1m[2m   10.53 kB[22m[1m[22m[2m Γöé gzip:   3.72 kB[22m
[2m../dist/public/[22m[36massets/predictions-BLJ4akjm.js                                                             [39m[1m[2m   10.58 kB[22m[1m[22m[2m Γöé gzip:   3.00 kB[22m
[2m../dist/public/[22m[36massets/guardian-ai-registry-BJXLw96Y.js                                                    [39m[1m[2m   10.67 kB[22m[1m[22m[2m Γöé gzip:   3.16 kB[22m
[2m../dist/public/[22m[36massets/syndicate-invite-Br8DP61Z.js                                                        [39m[1m[2m   10.68 kB[22m[1m[22m[2m Γöé gzip:   3.35 kB[22m
[2m../dist/public/[22m[36massets/faucet-BHNihRMf.js                                                                  [39m[1m[2m   10.70 kB[22m[1m[22m[2m Γöé gzip:   3.32 kB[22m
[2m../dist/public/[22m[36massets/global-search-BNLYMHPA.js                                                           [39m[1m[2m   10.73 kB[22m[1m[22m[2m Γöé gzip:   3.68 kB[22m
[2m../dist/public/[22m[36massets/gas-estimator-3aw0opFm.js                                                           [39m[1m[2m   10.77 kB[22m[1m[22m[2m Γöé gzip:   2.94 kB[22m
[2m../dist/public/[22m[36massets/feedback-DnonxXip.js                                                                [39m[1m[2m   10.85 kB[22m[1m[22m[2m Γöé gzip:   3.21 kB[22m
[2m../dist/public/[22m[36massets/dao-governance-BVU18Grx.js                                                          [39m[1m[2m   10.89 kB[22m[1m[22m[2m Γöé gzip:   3.38 kB[22m
[2m../dist/public/[22m[36massets/whale-tracker-C-JtPNpI.js                                                           [39m[1m[2m   10.90 kB[22m[1m[22m[2m Γöé gzip:   3.34 kB[22m
[2m../dist/public/[22m[36massets/analytics-COLbJVIj.js                                                               [39m[1m[2m   10.90 kB[22m[1m[22m[2m Γöé gzip:   3.40 kB[22m
[2m../dist/public/[22m[36massets/liquid-staking-Cre2gjfl.js                                                          [39m[1m[2m   11.00 kB[22m[1m[22m[2m Γöé gzip:   3.09 kB[22m
[2m../dist/public/[22m[36massets/AreaChart-DXGirxwD.js                                                               [39m[1m[2m   11.02 kB[22m[1m[22m[2m Γöé gzip:   4.08 kB[22m
[2m../dist/public/[22m[36massets/wallet-profiler-D1xIM5ZC.js                                                         [39m[1m[2m   11.02 kB[22m[1m[22m[2m Γöé gzip:   3.37 kB[22m
[2m../dist/public/[22m[36massets/pricing-CBOlneaH.js                                                                 [39m[1m[2m   11.12 kB[22m[1m[22m[2m Γöé gzip:   3.63 kB[22m
[2m../dist/public/[22m[36massets/nft-creator-D53H3z4D.js                                                             [39m[1m[2m   11.12 kB[22m[1m[22m[2m Γöé gzip:   3.38 kB[22m
[2m../dist/public/[22m[36massets/presale-banner-BHmzsqli.js                                                          [39m[1m[2m   11.15 kB[22m[1m[22m[2m Γöé gzip:   2.71 kB[22m
[2m../dist/public/[22m[36massets/dca-bot-CXKOwjuA.js                                                                 [39m[1m[2m   11.20 kB[22m[1m[22m[2m Γöé gzip:   3.27 kB[22m
[2m../dist/public/[22m[36massets/signal-core-official-CYHzO5KV.js                                                    [39m[1m[2m   11.26 kB[22m[1m[22m[2m Γöé gzip:   3.79 kB[22m
[2m../dist/public/[22m[36massets/founders-D2myf90j.js                                                                [39m[1m[2m   11.26 kB[22m[1m[22m[2m Γöé gzip:   3.33 kB[22m
[2m../dist/public/[22m[36massets/user-profiles-BQWTiK7y.js                                                           [39m[1m[2m   11.26 kB[22m[1m[22m[2m Γöé gzip:   3.58 kB[22m
[2m../dist/public/[22m[36massets/presale-CmPZamVJ.js                                                                 [39m[1m[2m   11.60 kB[22m[1m[22m[2m Γöé gzip:   3.81 kB[22m
[2m../dist/public/[22m[36massets/daily-bonus-B_7gi4ms.js                                                             [39m[1m[2m   11.61 kB[22m[1m[22m[2m Γöé gzip:   3.69 kB[22m
[2m../dist/public/[22m[36massets/referrals-GhW2v1P-.js                                                               [39m[1m[2m   11.62 kB[22m[1m[22m[2m Γöé gzip:   3.64 kB[22m
[2m../dist/public/[22m[36massets/ai-nft-generator-CutjrG8D.js                                                        [39m[1m[2m   11.64 kB[22m[1m[22m[2m Γöé gzip:   3.61 kB[22m
[2m../dist/public/[22m[36massets/api-playground-EYaggOqw.js                                                          [39m[1m[2m   11.69 kB[22m[1m[22m[2m Γöé gzip:   3.16 kB[22m
[2m../dist/public/[22m[36massets/signal-core-DCSWQ-P0.js                                                             [39m[1m[2m   11.81 kB[22m[1m[22m[2m Γöé gzip:   3.65 kB[22m
[2m../dist/public/[22m[36massets/explorer-BqxwwZEe.js                                                                [39m[1m[2m   11.84 kB[22m[1m[22m[2m Γöé gzip:   3.22 kB[22m
[2m../dist/public/[22m[36massets/api-docs-Db02aa85.js                                                                [39m[1m[2m   12.03 kB[22m[1m[22m[2m Γöé gzip:   3.48 kB[22m
[2m../dist/public/[22m[36massets/social-feed-1CVoFXi_.js                                                             [39m[1m[2m   12.09 kB[22m[1m[22m[2m Γöé gzip:   3.15 kB[22m
[2m../dist/public/[22m[36massets/galaga-ByKci6dS.js                                                                  [39m[1m[2m   12.19 kB[22m[1m[22m[2m Γöé gzip:   4.15 kB[22m
[2m../dist/public/[22m[36massets/copy-trading-CbGxkIDh.js                                                            [39m[1m[2m   12.23 kB[22m[1m[22m[2m Γöé gzip:   3.57 kB[22m
[2m../dist/public/[22m[36massets/tetris-DJm2j-OB.js                                                                  [39m[1m[2m   12.26 kB[22m[1m[22m[2m Γöé gzip:   3.97 kB[22m
[2m../dist/public/[22m[36massets/trust-document-ops-CDdkXd-5.js                                                      [39m[1m[2m   12.29 kB[22m[1m[22m[2m Γöé gzip:   3.23 kB[22m
[2m../dist/public/[22m[36massets/trust-cooperative-Br-bUN5N.js                                                       [39m[1m[2m   12.30 kB[22m[1m[22m[2m Γöé gzip:   3.14 kB[22m
[2m../dist/public/[22m[36massets/marketing-catalog-dev-D0Y2iXEj.js                                                   [39m[1m[2m   12.43 kB[22m[1m[22m[2m Γöé gzip:   4.55 kB[22m
[2m../dist/public/[22m[36massets/faq-DHrLd0CF.js                                                                     [39m[1m[2m   12.43 kB[22m[1m[22m[2m Γöé gzip:   4.88 kB[22m
[2m../dist/public/[22m[36massets/ml-dashboard-CuQykb_U.js                                                            [39m[1m[2m   12.51 kB[22m[1m[22m[2m Γöé gzip:   2.98 kB[22m
[2m../dist/public/[22m[36massets/scroll-area-Bepti5-G.js                                                             [39m[1m[2m   12.53 kB[22m[1m[22m[2m Γöé gzip:   3.97 kB[22m
[2m../dist/public/[22m[36massets/coming-features-B7HzzN8L.js                                                         [39m[1m[2m   12.55 kB[22m[1m[22m[2m Γöé gzip:   4.17 kB[22m
[2m../dist/public/[22m[36massets/pacman-ZcEZCE6G.js                                                                  [39m[1m[2m   12.74 kB[22m[1m[22m[2m Γöé gzip:   3.72 kB[22m
[2m../dist/public/[22m[36massets/messaging-cClIPVPm.js                                                               [39m[1m[2m   12.83 kB[22m[1m[22m[2m Γöé gzip:   4.16 kB[22m
[2m../dist/public/[22m[36massets/rwa-tokenization-D0gqBNbU.js                                                        [39m[1m[2m   12.90 kB[22m[1m[22m[2m Γöé gzip:   3.80 kB[22m
[2m../dist/public/[22m[36massets/liquidity-D1qEdCtg.js                                                               [39m[1m[2m   13.01 kB[22m[1m[22m[2m Γöé gzip:   3.25 kB[22m
[2m../dist/public/[22m[36massets/governance-treasury-CSZKlnhT.js                                                     [39m[1m[2m   13.06 kB[22m[1m[22m[2m Γöé gzip:   3.79 kB[22m
[2m../dist/public/[22m[36massets/footer-D90S-_9p.js                                                                  [39m[1m[2m   13.16 kB[22m[1m[22m[2m Γöé gzip:   4.44 kB[22m
[2m../dist/public/[22m[36massets/affiliate-dashboard-BUFjZlK-.js                                                     [39m[1m[2m   13.27 kB[22m[1m[22m[2m Γöé gzip:   3.75 kB[22m
[2m../dist/public/[22m[36massets/support-B79jcMuu.js                                                                 [39m[1m[2m   13.45 kB[22m[1m[22m[2m Γöé gzip:   4.17 kB[22m
[2m../dist/public/[22m[36massets/ecosystem-yMHS8p_9.js                                                               [39m[1m[2m   13.58 kB[22m[1m[22m[2m Γöé gzip:   4.55 kB[22m
[2m../dist/public/[22m[36massets/game-developer-Bo7HIbVO.js                                                          [39m[1m[2m   13.68 kB[22m[1m[22m[2m Γöé gzip:   4.39 kB[22m
[2m../dist/public/[22m[36massets/developers-note-CgyJLnBr.js                                                         [39m[1m[2m   13.83 kB[22m[1m[22m[2m Γöé gzip:   4.23 kB[22m
[2m../dist/public/[22m[36massets/business-verification-8Pj7T7lZ.js                                                   [39m[1m[2m   13.88 kB[22m[1m[22m[2m Γöé gzip:   3.66 kB[22m
[2m../dist/public/[22m[36massets/multisig-C8J6aS0R.js                                                                [39m[1m[2m   13.89 kB[22m[1m[22m[2m Γöé gzip:   3.38 kB[22m
[2m../dist/public/[22m[36massets/guardian-CDGiw9MC.js                                                                [39m[1m[2m   14.11 kB[22m[1m[22m[2m Γöé gzip:   4.52 kB[22m
[2m../dist/public/[22m[36massets/nft-marketplace-DmgqYyOH.js                                                         [39m[1m[2m   14.21 kB[22m[1m[22m[2m Γöé gzip:   3.95 kB[22m
[2m../dist/public/[22m[36massets/tokenomics-D8luoknx.js                                                              [39m[1m[2m   14.30 kB[22m[1m[22m[2m Γöé gzip:   3.80 kB[22m
[2m../dist/public/[22m[36massets/genesis-BCLOovod.js                                                                 [39m[1m[2m   14.37 kB[22m[1m[22m[2m Γöé gzip:   4.01 kB[22m
[2m../dist/public/[22m[36massets/welcome-BN1kagrL.js                                                                 [39m[1m[2m   14.48 kB[22m[1m[22m[2m Γöé gzip:   4.96 kB[22m
[2m../dist/public/[22m[36massets/governance-charter-BugVM7pN.js                                                      [39m[1m[2m   14.49 kB[22m[1m[22m[2m Γöé gzip:   4.32 kB[22m
[2m../dist/public/[22m[36massets/business-application-yKR_M0jJ.js                                                    [39m[1m[2m   14.51 kB[22m[1m[22m[2m Γöé gzip:   4.16 kB[22m
[2m../dist/public/[22m[36massets/treasury-BrrPpwlU.js                                                                [39m[1m[2m   14.66 kB[22m[1m[22m[2m Γöé gzip:   4.41 kB[22m
[2m../dist/public/[22m[36massets/guardian-whitepaper-DIuFpcGY.js                                                     [39m[1m[2m   14.72 kB[22m[1m[22m[2m Γöé gzip:   4.28 kB[22m
[2m../dist/public/[22m[36massets/dashboard-pro-1X4xi1a_.js                                                           [39m[1m[2m   14.72 kB[22m[1m[22m[2m Γöé gzip:   3.83 kB[22m
[2m../dist/public/[22m[36massets/coin-analysis-mTXMTyC8.js                                                           [39m[1m[2m   14.82 kB[22m[1m[22m[2m Γöé gzip:   4.19 kB[22m
[2m../dist/public/[22m[36massets/sweepstakes-rules-U5E09Ii_.js                                                       [39m[1m[2m   14.85 kB[22m[1m[22m[2m Γöé gzip:   4.05 kB[22m
[2m../dist/public/[22m[36massets/marketing-catalog-admin-SMqkILka.js                                                 [39m[1m[2m   15.04 kB[22m[1m[22m[2m Γöé gzip:   5.82 kB[22m
[2m../dist/public/[22m[36massets/index-DOHUkHb-.js                                                                   [39m[1m[2m   15.10 kB[22m[1m[22m[2m Γöé gzip:   4.79 kB[22m
[2m../dist/public/[22m[36massets/dev-studio-CaIhuPht.js                                                              [39m[1m[2m   15.17 kB[22m[1m[22m[2m Γöé gzip:   4.41 kB[22m
[2m../dist/public/[22m[36massets/solitaire-CeORe9Vk.js                                                               [39m[1m[2m   15.22 kB[22m[1m[22m[2m Γöé gzip:   5.01 kB[22m
[2m../dist/public/[22m[36massets/developers-CdTtBkI5.js                                                              [39m[1m[2m   15.33 kB[22m[1m[22m[2m Γöé gzip:   3.92 kB[22m
[2m../dist/public/[22m[36massets/membership-charter-BbQ0bKf1.js                                                      [39m[1m[2m   15.34 kB[22m[1m[22m[2m Γöé gzip:   4.19 kB[22m
[2m../dist/public/[22m[36massets/sso-admin-xAL4tkA6.js                                                               [39m[1m[2m   15.48 kB[22m[1m[22m[2m Γöé gzip:   4.37 kB[22m
[2m../dist/public/[22m[36massets/webhooks-CMwoJRoE.js                                                                [39m[1m[2m   15.66 kB[22m[1m[22m[2m Γöé gzip:   4.40 kB[22m
[2m../dist/public/[22m[36massets/billing-DWe6voUc.js                                                                 [39m[1m[2m   15.72 kB[22m[1m[22m[2m Γöé gzip:   3.86 kB[22m
[2m../dist/public/[22m[36massets/team-admin-OgjAp3BK.js                                                              [39m[1m[2m   15.85 kB[22m[1m[22m[2m Γöé gzip:   4.54 kB[22m
[2m../dist/public/[22m[36massets/index-CSIDmGx5.js                                                                   [39m[1m[2m   16.35 kB[22m[1m[22m[2m Γöé gzip:   6.17 kB[22m
[2m../dist/public/[22m[36massets/quests-Dn0UkAed.js                                                                  [39m[1m[2m   16.42 kB[22m[1m[22m[2m Γöé gzip:   4.38 kB[22m
[2m../dist/public/[22m[36massets/trust-layer-CGC0B4OP.js                                                             [39m[1m[2m   16.81 kB[22m[1m[22m[2m Γöé gzip:   4.46 kB[22m
[2m../dist/public/[22m[36massets/player-profile-BGkqHbnM.js                                                          [39m[1m[2m   17.23 kB[22m[1m[22m[2m Γöé gzip:   4.78 kB[22m
[2m../dist/public/[22m[36massets/transactions-DVIzHqJR.js                                                            [39m[1m[2m   17.37 kB[22m[1m[22m[2m Γöé gzip:   4.67 kB[22m
[2m../dist/public/[22m[36massets/creator-program-CIkOyiWf.js                                                         [39m[1m[2m   17.41 kB[22m[1m[22m[2m Γöé gzip:   4.83 kB[22m
[2m../dist/public/[22m[36massets/security-DUEqzaE_.js                                                                [39m[1m[2m   17.48 kB[22m[1m[22m[2m Γöé gzip:   4.60 kB[22m
[2m../dist/public/[22m[36massets/simple-login-DPZmON9n.js                                                            [39m[1m[2m   17.67 kB[22m[1m[22m[2m Γöé gzip:   5.77 kB[22m
[2m../dist/public/[22m[36massets/YAxis-BtEfnv17.js                                                                   [39m[1m[2m   17.74 kB[22m[1m[22m[2m Γöé gzip:   4.77 kB[22m
[2m../dist/public/[22m[36massets/influencer-partnership-CmY0KVyU.js                                                  [39m[1m[2m   17.81 kB[22m[1m[22m[2m Γöé gzip:   5.28 kB[22m
[2m../dist/public/[22m[36massets/roadmap-ecosystem-ZpnOAaFs.js                                                       [39m[1m[2m   17.99 kB[22m[1m[22m[2m Γöé gzip:   5.25 kB[22m
[2m../dist/public/[22m[36massets/arcade-daplB8Vd.js                                                                  [39m[1m[2m   18.26 kB[22m[1m[22m[2m Γöé gzip:   5.66 kB[22m
[2m../dist/public/[22m[36massets/coin-store-VE-zDUCO.js                                                              [39m[1m[2m   18.28 kB[22m[1m[22m[2m Γöé gzip:   4.82 kB[22m
[2m../dist/public/[22m[36massets/domain-manager-DZAdVeJc.js                                                          [39m[1m[2m   18.40 kB[22m[1m[22m[2m Γöé gzip:   5.28 kB[22m
[2m../dist/public/[22m[36massets/spades-DiPHu30L.js                                                                  [39m[1m[2m   18.57 kB[22m[1m[22m[2m Γöé gzip:   5.89 kB[22m
[2m../dist/public/[22m[36massets/portfolio-ewJcrP1-.js                                                               [39m[1m[2m   18.69 kB[22m[1m[22m[2m Γöé gzip:   4.56 kB[22m
[2m../dist/public/[22m[36massets/learn-DQcEokE4.js                                                                   [39m[1m[2m   18.83 kB[22m[1m[22m[2m Γöé gzip:   6.82 kB[22m
[2m../dist/public/[22m[36massets/index-PQVIF1QH.js                                                                   [39m[1m[2m   18.94 kB[22m[1m[22m[2m Γöé gzip:   4.42 kB[22m
[2m../dist/public/[22m[36massets/domains-Oj22e0To.js                                                                 [39m[1m[2m   18.99 kB[22m[1m[22m[2m Γöé gzip:   5.37 kB[22m
[2m../dist/public/[22m[36massets/referral-program-CyHAs6Ui.js                                                        [39m[1m[2m   19.04 kB[22m[1m[22m[2m Γöé gzip:   4.00 kB[22m
[2m../dist/public/[22m[36massets/seo-DjR3ou2C.js                                                                     [39m[1m[2m   19.45 kB[22m[1m[22m[2m Γöé gzip:   4.30 kB[22m
[2m../dist/public/[22m[36massets/games-home-D34SWu4O.js                                                              [39m[1m[2m   19.66 kB[22m[1m[22m[2m Γöé gzip:   5.21 kB[22m
[2m../dist/public/[22m[36massets/slots-Dd6DoBW_.js                                                                   [39m[1m[2m   19.79 kB[22m[1m[22m[2m Γöé gzip:   6.30 kB[22m
[2m../dist/public/[22m[36massets/my-tokens-DV-yb1rY.js                                                               [39m[1m[2m   20.38 kB[22m[1m[22m[2m Γöé gzip:   4.62 kB[22m
[2m../dist/public/[22m[36massets/swap-nY4obiEr.js                                                                    [39m[1m[2m   20.63 kB[22m[1m[22m[2m Γöé gzip:   5.63 kB[22m
[2m../dist/public/[22m[36massets/proof-of-reserve-CaswfGWi.js                                                        [39m[1m[2m   20.96 kB[22m[1m[22m[2m Γöé gzip:   5.84 kB[22m
[2m../dist/public/[22m[36massets/zealy-Dduyyfh4.js                                                                   [39m[1m[2m   21.14 kB[22m[1m[22m[2m Γöé gzip:   5.43 kB[22m
[2m../dist/public/[22m[36massets/member-portal-ChsTYhKn.js                                                           [39m[1m[2m   21.17 kB[22m[1m[22m[2m Γöé gzip:   5.30 kB[22m
[2m../dist/public/[22m[36massets/minesweeper-BbobtNgI.js                                                             [39m[1m[2m   21.18 kB[22m[1m[22m[2m Γöé gzip:   6.68 kB[22m
[2m../dist/public/[22m[36massets/the-void-Ay_CXeqU.js                                                                [39m[1m[2m   21.50 kB[22m[1m[22m[2m Γöé gzip:   5.70 kB[22m
[2m../dist/public/[22m[36massets/coinflip-CaSIhNkJ.js                                                                [39m[1m[2m   21.77 kB[22m[1m[22m[2m Γöé gzip:   6.45 kB[22m
[2m../dist/public/[22m[36massets/validators-BjvAwNVF.js                                                              [39m[1m[2m   21.98 kB[22m[1m[22m[2m Γöé gzip:   5.09 kB[22m
[2m../dist/public/[22m[36massets/signal-chat-D_qrawNx.js                                                             [39m[1m[2m   22.13 kB[22m[1m[22m[2m Γöé gzip:   6.58 kB[22m
[2m../dist/public/[22m[36massets/carousel-CNAI6gZv.js                                                                [39m[1m[2m   22.58 kB[22m[1m[22m[2m Γöé gzip:   9.09 kB[22m
[2m../dist/public/[22m[36massets/users-K8ivOF2J.js                                                                   [39m[1m[2m   22.65 kB[22m[1m[22m[2m Γöé gzip:   5.16 kB[22m
[2m../dist/public/[22m[36massets/business-portal-BLcRSlmp.js                                                         [39m[1m[2m   23.09 kB[22m[1m[22m[2m Γöé gzip:   4.65 kB[22m
[2m../dist/public/[22m[36massets/select-DYnEzh3_.js                                                                  [39m[1m[2m   23.31 kB[22m[1m[22m[2m Γöé gzip:   8.20 kB[22m
[2m../dist/public/[22m[36massets/competitive-analysis-BeB59PIY.js                                                    [39m[1m[2m   23.41 kB[22m[1m[22m[2m Γöé gzip:   4.95 kB[22m
[2m../dist/public/[22m[36massets/team-gW9x4oKB.js                                                                    [39m[1m[2m   24.19 kB[22m[1m[22m[2m Γöé gzip:   5.09 kB[22m
[2m../dist/public/[22m[36massets/contextual-help-BzaCLSu2.js                                                         [39m[1m[2m   24.32 kB[22m[1m[22m[2m Γöé gzip:   8.46 kB[22m
[2m../dist/public/[22m[36massets/team-operations-CI0nvrbi.js                                                         [39m[1m[2m   24.35 kB[22m[1m[22m[2m Γöé gzip:   5.87 kB[22m
[2m../dist/public/[22m[36massets/studio-landing-BFqfKtE4.js                                                          [39m[1m[2m   24.41 kB[22m[1m[22m[2m Γöé gzip:   5.83 kB[22m
[2m../dist/public/[22m[36massets/staking-B8N4tAuz.js                                                                 [39m[1m[2m   24.61 kB[22m[1m[22m[2m Γöé gzip:   6.44 kB[22m
[2m../dist/public/[22m[36massets/mobile-nav-CKu-5S7H.js                                                              [39m[1m[2m   25.15 kB[22m[1m[22m[2m Γöé gzip:   7.36 kB[22m
[2m../dist/public/[22m[36massets/guardian-portal-iaTNlMCS.js                                                         [39m[1m[2m   25.46 kB[22m[1m[22m[2m Γöé gzip:   5.70 kB[22m
[2m../dist/public/[22m[36massets/PieChart-Cv9yH6CU.js                                                                [39m[1m[2m   26.00 kB[22m[1m[22m[2m Γöé gzip:   7.05 kB[22m
[2m../dist/public/[22m[36massets/innovation-hub-DBKXnkw_.js                                                          [39m[1m[2m   26.07 kB[22m[1m[22m[2m Γöé gzip:   5.95 kB[22m
[2m../dist/public/[22m[36massets/pulse-BWuogEka.js                                                                   [39m[1m[2m   26.16 kB[22m[1m[22m[2m Γöé gzip:   6.93 kB[22m
[2m../dist/public/[22m[36massets/launch-CFs6ETNx.js                                                                  [39m[1m[2m   26.48 kB[22m[1m[22m[2m Γöé gzip:   7.72 kB[22m
[2m../dist/public/[22m[36massets/veil-BA_lpIFY.js                                                                    [39m[1m[2m   27.00 kB[22m[1m[22m[2m Γöé gzip:   7.04 kB[22m
[2m../dist/public/[22m[36massets/rewards-D_VFNGA1.js                                                                 [39m[1m[2m   27.40 kB[22m[1m[22m[2m Γöé gzip:   6.19 kB[22m
[2m../dist/public/[22m[36massets/crowdfund-D8vUOag9.js                                                               [39m[1m[2m   27.95 kB[22m[1m[22m[2m Γöé gzip:   7.71 kB[22m
[2m../dist/public/[22m[36massets/token-BpGLxCu4.js                                                                   [39m[1m[2m   28.28 kB[22m[1m[22m[2m Γöé gzip:   5.60 kB[22m
[2m../dist/public/[22m[36massets/domains-D4AAu_Th.js                                                                 [39m[1m[2m   29.08 kB[22m[1m[22m[2m Γöé gzip:   7.33 kB[22m
[2m../dist/public/[22m[36massets/investor-data-room-3Yg2tK0d.js                                                      [39m[1m[2m   29.56 kB[22m[1m[22m[2m Γöé gzip:   8.47 kB[22m
[2m../dist/public/[22m[36massets/referrals-DM3ezhe1.js                                                               [39m[1m[2m   31.27 kB[22m[1m[22m[2m Γöé gzip:   8.30 kB[22m
[2m../dist/public/[22m[36massets/command-center-DhuW3Do9.js                                                          [39m[1m[2m   31.31 kB[22m[1m[22m[2m Γöé gzip:   9.07 kB[22m
[2m../dist/public/[22m[36massets/launchpad-w8JfHV2b.js                                                               [39m[1m[2m   31.81 kB[22m[1m[22m[2m Γöé gzip:   7.77 kB[22m
[2m../dist/public/[22m[36massets/influencer-showcase-CNQfC0Wv.js                                                     [39m[1m[2m   32.95 kB[22m[1m[22m[2m Γöé gzip:   9.33 kB[22m
[2m../dist/public/[22m[36massets/markets-CQWE7_3I.js                                                                 [39m[1m[2m   33.89 kB[22m[1m[22m[2m Γöé gzip:   7.51 kB[22m
[2m../dist/public/[22m[36massets/studio-projects-BWjSiSQh.js                                                         [39m[1m[2m   34.85 kB[22m[1m[22m[2m Γöé gzip:  10.49 kB[22m
[2m../dist/public/[22m[36massets/ecosystem-map-jdGrbiHc.js                                                           [39m[1m[2m   34.99 kB[22m[1m[22m[2m Γöé gzip:   9.87 kB[22m
[2m../dist/public/[22m[36massets/dwsc-executive-summary-CGy9edmA.js                                                  [39m[1m[2m   35.21 kB[22m[1m[22m[2m Γöé gzip:   9.40 kB[22m
[2m../dist/public/[22m[36massets/dashboard-C_J0gVIv.js                                                               [39m[1m[2m   35.28 kB[22m[1m[22m[2m Γöé gzip:   8.21 kB[22m
[2m../dist/public/[22m[36massets/index-B9ygI19o.js                                                                   [39m[1m[2m   36.28 kB[22m[1m[22m[2m Γöé gzip:  14.69 kB[22m
[2m../dist/public/[22m[36massets/veil-print-vol2-CABV6JL_.js                                                         [39m[1m[2m   37.87 kB[22m[1m[22m[2m Γöé gzip:  14.54 kB[22m
[2m../dist/public/[22m[36massets/investor-pitch-S7C0liZp.js                                                          [39m[1m[2m   38.69 kB[22m[1m[22m[2m Γöé gzip:   9.95 kB[22m
[2m../dist/public/[22m[36massets/bridge-IeX-io1w.js                                                                  [39m[1m[2m   40.38 kB[22m[1m[22m[2m Γöé gzip:   9.75 kB[22m
[2m../dist/public/[22m[36massets/crash-DKGHI7NZ.js                                                                   [39m[1m[2m   42.25 kB[22m[1m[22m[2m Γöé gzip:  11.81 kB[22m
[2m../dist/public/[22m[36massets/guardian-ai-BmlAJND2.js                                                             [39m[1m[2m   43.67 kB[22m[1m[22m[2m Γöé gzip:  10.39 kB[22m
[2m../dist/public/[22m[36massets/trust-layer-landing-sQ2oI8Pa.js                                                     [39m[1m[2m   47.44 kB[22m[1m[22m[2m Γöé gzip:  12.84 kB[22m
[2m../dist/public/[22m[36massets/my-hub-CfHptjs2.js                                                                  [39m[1m[2m   47.87 kB[22m[1m[22m[2m Γöé gzip:  10.92 kB[22m
[2m../dist/public/[22m[36massets/explore-hub-C0RxeiyL.js                                                             [39m[1m[2m   48.81 kB[22m[1m[22m[2m Γöé gzip:  12.86 kB[22m
[2m../dist/public/[22m[36massets/lume-research-D8LfUdQp.js                                                           [39m[1m[2m   49.07 kB[22m[1m[22m[2m Γöé gzip:  16.02 kB[22m
[2m../dist/public/[22m[36massets/presale-BltZsaxB.js                                                                 [39m[1m[2m   51.30 kB[22m[1m[22m[2m Γöé gzip:  13.01 kB[22m
[2m../dist/public/[22m[36massets/trust-book-DmEAjTfn.js                                                              [39m[1m[2m   52.04 kB[22m[1m[22m[2m Γöé gzip:  12.06 kB[22m
[2m../dist/public/[22m[36massets/guardian-scanner-CPXXlpwQ.js                                                        [39m[1m[2m   52.15 kB[22m[1m[22m[2m Γöé gzip:  11.61 kB[22m
[2m../dist/public/[22m[36massets/academy-aQN7gMvZ.js                                                                 [39m[1m[2m   54.94 kB[22m[1m[22m[2m Γöé gzip:  14.47 kB[22m
[2m../dist/public/[22m[36massets/partner-portal-gjK_jJex.js                                                          [39m[1m[2m   56.16 kB[22m[1m[22m[2m Γöé gzip:  13.28 kB[22m
[2m../dist/public/[22m[36massets/home-D6lQPTNj.js                                                                    [39m[1m[2m   56.73 kB[22m[1m[22m[2m Γöé gzip:  14.28 kB[22m
[2m../dist/public/[22m[36massets/guardian-certification-Co80ni63.js                                                  [39m[1m[2m   58.58 kB[22m[1m[22m[2m Γöé gzip:  13.02 kB[22m
[2m../dist/public/[22m[36massets/developer-portal-Cy78tkkR.js                                                        [39m[1m[2m   59.32 kB[22m[1m[22m[2m Γöé gzip:  13.65 kB[22m
[2m../dist/public/[22m[36massets/community-hub-C3pGBtnZ.js                                                           [39m[1m[2m   76.12 kB[22m[1m[22m[2m Γöé gzip:  17.12 kB[22m
[2m../dist/public/[22m[36massets/token-detail-j8hokeY5.js                                                            [39m[1m[2m   76.57 kB[22m[1m[22m[2m Γöé gzip:  15.52 kB[22m
[2m../dist/public/[22m[36massets/studio-docs-BlWH6_Ry.js                                                             [39m[1m[2m  100.59 kB[22m[1m[22m[2m Γöé gzip:  18.23 kB[22m
[2m../dist/public/[22m[36massets/strike-agent-hKFjQ1L8.js                                                            [39m[1m[2m  109.06 kB[22m[1m[22m[2m Γöé gzip:  23.85 kB[22m
[2m../dist/public/[22m[36massets/studio-DdCXewNa.js                                                                  [39m[1m[2m  117.52 kB[22m[1m[22m[2m Γöé gzip:  28.41 kB[22m
[2m../dist/public/[22m[36massets/wallet-CTNq-Lrz.js                                                                  [39m[1m[2m  131.61 kB[22m[1m[22m[2m Γöé gzip:  43.35 kB[22m
[2m../dist/public/[22m[36massets/quick-trade-panel-CcdxZaJI.js                                                       [39m[1m[2m  297.57 kB[22m[1m[22m[2m Γöé gzip:  88.57 kB[22m
[2m../dist/public/[22m[36massets/schema-D7LgAjlQ.js                                                                  [39m[1m[2m  307.14 kB[22m[1m[22m[2m Γöé gzip:  61.76 kB[22m
[2m../dist/public/[22m[36massets/generateCategoricalChart-04xpl9g6.js                                                [39m[1m[2m  359.21 kB[22m[1m[22m[2m Γöé gzip: 100.68 kB[22m
[2m../dist/public/[22m[36massets/veil-reader-B7adt_0D.js                                                             [39m[1m[2m  387.41 kB[22m[1m[22m[2m Γöé gzip: 117.66 kB[22m
[2m../dist/public/[22m[36massets/index-DAy9DiDE.js                                                                   [39m[1m[2m  534.01 kB[22m[1m[22m[2m Γöé gzip: 171.59 kB[22m
[32mΓ£ô built in 1m 19s[39m
building server...

  dist\index.cjs  3.0mb

Done in 2166ms
copying server data files...
  copied server/data/Through-The-Veil.pdf -> dist/server-data/Through-The-Veil.pdf
  copied server/data/Through-The-Veil.epub -> dist/server-data/Through-The-Veil.epub
